Tue, 05 Dec 2017 19:45:10 Everything is normal
Tue, 05 Dec 2017 19:45:14 Everything is normal
Tue, 05 Dec 2017 19:45:17 Everything is normal
Tue, 05 Dec 2017 19:45:21 Everything is normal
Tue, 05 Dec 2017 19:45:24 Everything is normal
Tue, 05 Dec 2017 19:45:28 Everything is normal
Tue, 05 Dec 2017 19:45:31 Everything is normal
Tue, 05 Dec 2017 19:45:35 Everything is normal
DNS RR prematured end (ofs=22, len=15)
DNS RR prematured end (ofs=72, len=27)
more DNS RR prematured end (ofs=22, len=16)
DNS decompression loop detected
DNS decompression loop detected
more DNS decompression loop detected
Tue, 05 Dec 2017 19:45:38 Everything is normal
Tue, 05 Dec 2017 19:45:42 Everything is normal
Tue, 05 Dec 2017 19:45:45 Everything is normal
Tue, 05 Dec 2017 19:45:49 Everything is normal
Tue, 05 Dec 2017 19:45:52 Everything is normal
Tue, 05 Dec 2017 19:45:56 Everything is normal
Tue, 05 Dec 2017 19:45:59 Everything is normal
Tue, 05 Dec 2017 19:46:03 Everything is normal
Tue, 05 Dec 2017 19:46:06 Everything is normal
Tue, 05 Dec 2017 19:46:10 Everything is normal
Tue, 05 Dec 2017 19:46:13 Everything is normal
Tue, 05 Dec 2017 19:46:17 Everything is normal
Tue, 05 Dec 2017 19:46:20 Everything is normal
Tue, 05 Dec 2017 19:46:24 Everything is normal
Tue, 05 Dec 2017 19:46:27 Everything is normal
Tue, 05 Dec 2017 19:46:31 Everything is normal
Tue, 05 Dec 2017 19:46:35 SYN attack detected! IP: 131.202.242.43 No. of attempts: 1786
Tue, 05 Dec 2017 19:46:38 SYN attack detected! IP: 131.202.242.43 No. of attempts: 6224
Tue, 05 Dec 2017 19:46:42 SYN attack detected! IP: 131.202.242.43 No. of attempts: 5741
Tue, 05 Dec 2017 19:46:45 SYN attack detected! IP: 131.202.242.43 No. of attempts: 6567
Tue, 05 Dec 2017 19:46:49 SYN attack detected! IP: 131.202.242.43 No. of attempts: 5459
Tue, 05 Dec 2017 19:46:52 SYN attack detected! IP: 131.202.242.43 No. of attempts: 5100
Tue, 05 Dec 2017 19:46:56 SYN attack detected! IP: 131.202.242.43 No. of attempts: 6543
Tue, 05 Dec 2017 19:46:59 SYN attack detected! IP: 131.202.242.43 No. of attempts: 5196
Tue, 05 Dec 2017 19:47:03 SYN attack detected! IP: 131.202.242.43 No. of attempts: 6204
Tue, 05 Dec 2017 19:47:06 SYN attack detected! IP: 131.202.242.43 No. of attempts: 5117
Tue, 05 Dec 2017 19:47:10 SYN attack detected! IP: 131.202.242.43 No. of attempts: 6190
Tue, 05 Dec 2017 19:47:13 SYN attack detected! IP: 131.202.242.43 No. of attempts: 6191
Tue, 05 Dec 2017 19:47:17 SYN attack detected! IP: 131.202.242.43 No. of attempts: 4881
Tue, 05 Dec 2017 19:47:20 SYN attack detected! IP: 131.202.242.43 No. of attempts: 6151
Tue, 05 Dec 2017 19:47:24 SYN attack detected! IP: 131.202.242.43 No. of attempts: 5884
Tue, 05 Dec 2017 19:47:27 SYN attack detected! IP: 131.202.242.43 No. of attempts: 551
Tue, 05 Dec 2017 19:47:31 Everything is normal
Tue, 05 Dec 2017 19:47:34 Everything is normal
Tue, 05 Dec 2017 19:47:38 Everything is normal
Tue, 05 Dec 2017 19:47:41 Everything is normal
DNS RR prematured end (ofs=22, len=15)
DNS RR prematured end (ofs=72, len=27)
more DNS RR prematured end (ofs=22, len=16)
DNS decompression loop detected
DNS decompression loop detected
more DNS decompression loop detected
Tue, 05 Dec 2017 19:47:45 Everything is normal
Tue, 05 Dec 2017 19:47:48 Everything is normal
Tue, 05 Dec 2017 19:47:52 Everything is normal
Tue, 05 Dec 2017 19:47:55 Everything is normal
Tue, 05 Dec 2017 19:47:59 Everything is normal
Tue, 05 Dec 2017 19:48:02 Everything is normal
Tue, 05 Dec 2017 19:48:06 Everything is normal
Tue, 05 Dec 2017 19:48:09 Everything is normal
Tue, 05 Dec 2017 19:48:13 Everything is normal
Tue, 05 Dec 2017 19:48:16 Everything is normal
Tue, 05 Dec 2017 19:48:20 Everything is normal
Tue, 05 Dec 2017 19:48:23 Everything is normal
Tue, 05 Dec 2017 19:48:27 Everything is normal
Tue, 05 Dec 2017 19:48:30 Everything is normal
Tue, 05 Dec 2017 19:48:34 Everything is normal
Tue, 05 Dec 2017 19:48:37 Everything is normal
Tue, 05 Dec 2017 19:48:41 Everything is normal
Tue, 05 Dec 2017 19:48:44 Everything is normal
Tue, 05 Dec 2017 19:48:48 Everything is normal
Tue, 05 Dec 2017 19:48:51 Everything is normal
Tue, 05 Dec 2017 19:48:55 Everything is normal
Tue, 05 Dec 2017 19:48:58 Everything is normal
Tue, 05 Dec 2017 19:49:02 Everything is normal
Tue, 05 Dec 2017 19:49:05 Everything is normal
Tue, 05 Dec 2017 19:49:09 Everything is normal
Tue, 05 Dec 2017 19:49:12 Everything is normal
Tue, 05 Dec 2017 19:49:16 Everything is normal
Tue, 05 Dec 2017 19:49:19 Everything is normal
Tue, 05 Dec 2017 19:49:23 Everything is normal
Tue, 05 Dec 2017 19:49:26 Everything is normal
Tue, 05 Dec 2017 19:49:30 Everything is normal
Tue, 05 Dec 2017 19:49:33 Everything is normal
Tue, 05 Dec 2017 19:49:37 Everything is normal
Tue, 05 Dec 2017 19:49:40 Everything is normal
Tue, 05 Dec 2017 19:49:44 Everything is normal
Tue, 05 Dec 2017 19:49:47 Everything is normal
Tue, 05 Dec 2017 19:49:51 Everything is normal
Tue, 05 Dec 2017 19:49:54 Everything is normal
Tue, 05 Dec 2017 19:49:58 Everything is normal
Tue, 05 Dec 2017 19:50:01 Everything is normal
Tue, 05 Dec 2017 19:50:05 SYN attack detected! IP: 131.202.242.43 No. of attempts: 3073
Tue, 05 Dec 2017 19:50:09 SYN attack detected! IP: 131.202.242.43 No. of attempts: 3543
Tue, 05 Dec 2017 19:50:12 SYN attack detected! IP: 131.202.242.43 No. of attempts: 4670
Tue, 05 Dec 2017 19:50:16 SYN attack detected! IP: 131.202.242.43 No. of attempts: 1444
Tue, 05 Dec 2017 19:50:19 Everything is normal
Tue, 05 Dec 2017 19:50:23 Everything is normal
Tue, 05 Dec 2017 19:50:26 Everything is normal
Tue, 05 Dec 2017 19:50:30 Everything is normal
Tue, 05 Dec 2017 19:50:33 Everything is normal
Tue, 05 Dec 2017 19:50:37 Everything is normal
Tue, 05 Dec 2017 19:50:40 Everything is normal
Tue, 05 Dec 2017 19:50:44 Everything is normal
Tue, 05 Dec 2017 19:50:47 Everything is normal
Tue, 05 Dec 2017 19:50:51 Everything is normal
Tue, 05 Dec 2017 19:50:54 Everything is normal
Tue, 05 Dec 2017 19:50:58 Everything is normal
Tue, 05 Dec 2017 19:51:01 Everything is normal
Tue, 05 Dec 2017 19:51:05 Everything is normal
Tue, 05 Dec 2017 19:51:08 Everything is normal
Tue, 05 Dec 2017 19:51:12 Everything is normal
Tue, 05 Dec 2017 19:51:15 Everything is normal
Tue, 05 Dec 2017 19:51:19 Everything is normal
Tue, 05 Dec 2017 19:51:22 Everything is normal
DNS RR prematured end (ofs=136, len=7)
DNS RR prematured end (ofs=21, len=2)
DNS decompression loop detected
more DNS RR prematured end (ofs=55, len=2)
DNS decompression loop detected
more DNS decompression loop detected
Tue, 05 Dec 2017 19:51:26 Everything is normal
Tue, 05 Dec 2017 19:51:29 Everything is normal
Tue, 05 Dec 2017 19:51:33 Everything is normal
Tue, 05 Dec 2017 19:51:36 Everything is normal
Tue, 05 Dec 2017 19:51:40 Everything is normal
Tue, 05 Dec 2017 19:51:43 Everything is normal
Tue, 05 Dec 2017 19:51:47 Everything is normal
Tue, 05 Dec 2017 19:51:50 Everything is normal
Tue, 05 Dec 2017 19:51:54 Everything is normal
Tue, 05 Dec 2017 19:51:57 Everything is normal
Tue, 05 Dec 2017 19:52:01 Everything is normal
Tue, 05 Dec 2017 19:52:04 Everything is normal
Tue, 05 Dec 2017 19:52:08 Everything is normal
Tue, 05 Dec 2017 19:52:11 Everything is normal
Tue, 05 Dec 2017 19:52:15 Everything is normal
Tue, 05 Dec 2017 19:52:18 Everything is normal
Tue, 05 Dec 2017 19:52:22 Everything is normal
DNS RR prematured end (ofs=75, len=2)
DNS RR prematured end (ofs=40, len=2)
more DNS RR prematured end (ofs=21, len=2)
DNS decompression loop detected
DNS decompression loop detected
more DNS decompression loop detected
Tue, 05 Dec 2017 19:52:25 Everything is normal
Tue, 05 Dec 2017 19:52:29 Everything is normal
Tue, 05 Dec 2017 19:52:32 Everything is normal
DNS RR prematured end (ofs=22, len=16)
DNS RR prematured end (ofs=22, len=15)
more DNS RR prematured end (ofs=79, len=28)
DNS decompression loop detected
DNS decompression loop detected
more DNS decompression loop detected
Tue, 05 Dec 2017 19:52:36 Everything is normal
Tue, 05 Dec 2017 19:52:39 Everything is normal
Tue, 05 Dec 2017 19:52:43 Everything is normal
Tue, 05 Dec 2017 19:52:46 Everything is normal
Tue, 05 Dec 2017 19:52:50 Everything is normal
Tue, 05 Dec 2017 19:52:53 Everything is normal
Tue, 05 Dec 2017 19:52:57 Everything is normal
Tue, 05 Dec 2017 19:53:00 Everything is normal
DNS RR prematured end (ofs=21, len=16)
DNS RR prematured end (ofs=72, len=26)
more DNS RR prematured end (ofs=76, len=28)
DNS decompression loop detected
DNS decompression loop detected
more DNS decompression loop detected
Tue, 05 Dec 2017 19:53:04 Everything is normal
Tue, 05 Dec 2017 19:53:07 Everything is normal
DNS RR prematured end (ofs=54, len=2)
DNS RR prematured end (ofs=136, len=7)
more DNS RR prematured end (ofs=21, len=2)
DNS decompression loop detected
DNS decompression loop detected
more DNS decompression loop detected
Tue, 05 Dec 2017 19:53:11 Everything is normal
Tue, 05 Dec 2017 19:53:14 Everything is normal
Tue, 05 Dec 2017 19:53:18 Everything is normal
Tue, 05 Dec 2017 19:53:21 Everything is normal
Tue, 05 Dec 2017 19:53:25 Everything is normal
Tue, 05 Dec 2017 19:53:28 Everything is normal
Tue, 05 Dec 2017 19:53:32 Everything is normal
DNS RR prematured end (ofs=72, len=26)
DNS RR prematured end (ofs=76, len=28)
more DNS RR prematured end (ofs=21, len=16)
DNS decompression loop detected
DNS decompression loop detected
more DNS decompression loop detected
Tue, 05 Dec 2017 19:53:35 SYN attack detected! IP: 131.202.242.43 No. of attempts: 26
Tue, 05 Dec 2017 19:53:39 Everything is normal
DNS decompression loop detected
DNS RR prematured end (ofs=147, len=28)
DNS RR prematured end (ofs=147, len=26)
more DNS RR prematured end (ofs=1027, len=28)
DNS decompression loop detected
Tue, 05 Dec 2017 19:53:42 Everything is normal
Tue, 05 Dec 2017 19:53:46 Everything is normal
DNS RR prematured end (ofs=54, len=2)
DNS RR prematured end (ofs=136, len=7)
more DNS RR prematured end (ofs=21, len=2)
DNS decompression loop detected
DNS decompression loop detected
more DNS decompression loop detected
Tue, 05 Dec 2017 19:53:49 Everything is normal
Tue, 05 Dec 2017 19:53:53 Everything is normal
Tue, 05 Dec 2017 19:53:56 Everything is normal
Tue, 05 Dec 2017 19:54:00 Everything is normal
Tue, 05 Dec 2017 19:54:03 Everything is normal
DNS RR prematured end (ofs=75, len=2)
DNS RR prematured end (ofs=40, len=2)
more DNS RR prematured end (ofs=21, len=2)
DNS decompression loop detected
DNS decompression loop detected
more DNS decompression loop detected
Tue, 05 Dec 2017 19:54:07 Everything is normal
Tue, 05 Dec 2017 19:54:10 Everything is normal
Tue, 05 Dec 2017 19:54:14 Everything is normal
Tue, 05 Dec 2017 19:54:17 Everything is normal
Tue, 05 Dec 2017 19:54:21 Everything is normal
Tue, 05 Dec 2017 19:54:24 Everything is normal
Tue, 05 Dec 2017 19:54:28 Everything is normal
Tue, 05 Dec 2017 19:54:31 Everything is normal
Tue, 05 Dec 2017 19:54:35 Everything is normal
Tue, 05 Dec 2017 19:54:38 Everything is normal
Tue, 05 Dec 2017 19:54:42 Everything is normal
Tue, 05 Dec 2017 19:54:45 Everything is normal
Tue, 05 Dec 2017 19:54:49 Everything is normal
Tue, 05 Dec 2017 19:54:52 Everything is normal
DNS RR prematured end (ofs=40, len=2)
DNS RR prematured end (ofs=122, len=7)
more DNS RR prematured end (ofs=21, len=2)
DNS decompression loop detected
DNS decompression loop detected
more DNS decompression loop detected
Tue, 05 Dec 2017 19:54:56 Everything is normal
Tue, 05 Dec 2017 19:54:59 Everything is normal
Tue, 05 Dec 2017 19:55:03 Everything is normal
Tue, 05 Dec 2017 19:55:06 Everything is normal
Tue, 05 Dec 2017 19:55:10 Everything is normal
Tue, 05 Dec 2017 19:55:13 Everything is normal
Tue, 05 Dec 2017 19:55:17 Everything is normal
Tue, 05 Dec 2017 19:55:20 Everything is normal
Tue, 05 Dec 2017 19:55:24 Everything is normal
Tue, 05 Dec 2017 19:55:27 Everything is normal
Tue, 05 Dec 2017 19:55:31 Everything is normal
Tue, 05 Dec 2017 19:55:34 Everything is normal
Tue, 05 Dec 2017 19:55:38 Everything is normal
Tue, 05 Dec 2017 19:55:41 Everything is normal
Tue, 05 Dec 2017 19:55:45 Everything is normal
Tue, 05 Dec 2017 19:55:48 Everything is normal
Tue, 05 Dec 2017 19:55:52 Everything is normal
Tue, 05 Dec 2017 19:55:55 Everything is normal
Tue, 05 Dec 2017 19:55:59 Everything is normal
Tue, 05 Dec 2017 19:56:02 Everything is normal
Tue, 05 Dec 2017 19:56:06 Everything is normal
Tue, 05 Dec 2017 19:56:09 Everything is normal
Tue, 05 Dec 2017 19:56:13 Everything is normal
Tue, 05 Dec 2017 19:56:16 Everything is normal
Tue, 05 Dec 2017 19:56:20 Everything is normal
DNS RR prematured end (ofs=10, len=2)
DNS decompression loop detected
DNS RR prematured end (ofs=47, len=16)
more DNS RR prematured end (ofs=84, len=16)
DNS decompression loop detected
more DNS decompression loop detected
Tue, 05 Dec 2017 19:56:23 Everything is normal
Tue, 05 Dec 2017 19:56:27 Everything is normal
DNS RR prematured end (ofs=5, len=2)
DNS decompression loop detected
DNS RR prematured end (ofs=170, len=2)
more DNS RR prematured end (ofs=165, len=2)
DNS decompression loop detected
more DNS decompression loop detected
Tue, 05 Dec 2017 19:56:30 Everything is normal
Tue, 05 Dec 2017 19:56:34 Everything is normal
Tue, 05 Dec 2017 19:56:37 Everything is normal
Tue, 05 Dec 2017 19:56:41 Everything is normal
Tue, 05 Dec 2017 19:56:44 Everything is normal
Tue, 05 Dec 2017 19:56:48 Everything is normal
Tue, 05 Dec 2017 19:56:51 Everything is normal
Tue, 05 Dec 2017 19:56:55 Everything is normal
Tue, 05 Dec 2017 19:56:58 Everything is normal
DNS RR prematured end (ofs=93, len=16)
DNS RR prematured end (ofs=108, len=15)
more DNS RR prematured end (ofs=108, len=27)
Tue, 05 Dec 2017 19:57:02 Everything is normal
Tue, 05 Dec 2017 19:57:05 Everything is normal
DNS decompression loop detected
DNS RR prematured end (ofs=115, len=7)
DNS RR prematured end (ofs=139, len=7)
DNS decompression loop detected
more DNS RR prematured end (ofs=115, len=7)
Tue, 05 Dec 2017 19:57:09 Everything is normal
Tue, 05 Dec 2017 19:57:12 Everything is normal
Tue, 05 Dec 2017 19:57:16 Everything is normal
Tue, 05 Dec 2017 19:57:19 Everything is normal
Tue, 05 Dec 2017 19:57:23 Everything is normal
Tue, 05 Dec 2017 19:57:26 Everything is normal
Tue, 05 Dec 2017 19:57:57 Everything is normal
Tue, 05 Dec 2017 19:58:00 Everything is normal
Tue, 05 Dec 2017 19:58:04 Everything is normal
Tue, 05 Dec 2017 19:58:07 Everything is normal
Tue, 05 Dec 2017 19:58:11 Everything is normal
Tue, 05 Dec 2017 19:58:14 Everything is normal
Tue, 05 Dec 2017 19:58:18 Everything is normal
Tue, 05 Dec 2017 19:58:21 Everything is normal
Tue, 05 Dec 2017 19:58:25 Everything is normal
Tue, 05 Dec 2017 19:58:29 Everything is normal
Tue, 05 Dec 2017 19:58:32 Everything is normal
Tue, 05 Dec 2017 19:58:36 Everything is normal
Tue, 05 Dec 2017 19:58:39 Everything is normal
Tue, 05 Dec 2017 19:58:43 Everything is normal
Tue, 05 Dec 2017 19:58:46 Everything is normal
Tue, 05 Dec 2017 19:58:50 Everything is normal
Tue, 05 Dec 2017 19:58:53 Everything is normal
Tue, 05 Dec 2017 19:58:57 Everything is normal
Tue, 05 Dec 2017 19:59:00 Everything is normal
Tue, 05 Dec 2017 19:59:04 Everything is normal
Tue, 05 Dec 2017 19:59:07 Everything is normal
Tue, 05 Dec 2017 19:59:11 Everything is normal
Tue, 05 Dec 2017 19:59:14 Everything is normal
Tue, 05 Dec 2017 19:59:18 Everything is normal
Tue, 05 Dec 2017 19:59:21 Everything is normal
Tue, 05 Dec 2017 19:59:25 Everything is normal
Tue, 05 Dec 2017 19:59:28 Everything is normal
Tue, 05 Dec 2017 19:59:32 Everything is normal
Tue, 05 Dec 2017 19:59:35 Everything is normal
Tue, 05 Dec 2017 19:59:39 Everything is normal
Tue, 05 Dec 2017 19:59:42 Everything is normal
Tue, 05 Dec 2017 19:59:46 Everything is normal
Tue, 05 Dec 2017 19:59:49 Everything is normal
Tue, 05 Dec 2017 19:59:53 Everything is normal
Tue, 05 Dec 2017 19:59:56 Everything is normal
Tue, 05 Dec 2017 20:00:00 Everything is normal
DNS RR prematured end (ofs=72, len=27)
DNS RR prematured end (ofs=22, len=15)
more DNS RR prematured end (ofs=22, len=16)
DNS decompression loop detected
DNS decompression loop detected
more DNS decompression loop detected
Tue, 05 Dec 2017 20:00:03 Everything is normal
Tue, 05 Dec 2017 20:00:07 Everything is normal
Tue, 05 Dec 2017 20:00:10 Everything is normal
Tue, 05 Dec 2017 20:00:14 Everything is normal
Tue, 05 Dec 2017 20:00:17 Everything is normal
Tue, 05 Dec 2017 20:00:21 Everything is normal
Tue, 05 Dec 2017 20:00:24 Everything is normal
Tue, 05 Dec 2017 20:00:28 Everything is normal
Tue, 05 Dec 2017 20:00:31 Everything is normal
Tue, 05 Dec 2017 20:00:35 Everything is normal
Tue, 05 Dec 2017 20:00:38 Everything is normal
Tue, 05 Dec 2017 20:00:42 Everything is normal
Tue, 05 Dec 2017 20:00:45 Everything is normal
Tue, 05 Dec 2017 20:00:49 Everything is normal
Tue, 05 Dec 2017 20:00:52 Everything is normal
Tue, 05 Dec 2017 20:00:56 Everything is normal
Tue, 05 Dec 2017 20:00:59 Everything is normal
Tue, 05 Dec 2017 20:01:03 Everything is normal
Tue, 05 Dec 2017 20:01:06 Everything is normal
Tue, 05 Dec 2017 20:01:10 Everything is normal
Tue, 05 Dec 2017 20:01:13 Everything is normal
Tue, 05 Dec 2017 20:01:17 Everything is normal
DNS RR prematured end (ofs=54, len=2)
DNS RR prematured end (ofs=136, len=7)
more DNS RR prematured end (ofs=21, len=2)
DNS decompression loop detected
DNS decompression loop detected
more DNS decompression loop detected
Tue, 05 Dec 2017 20:01:20 Everything is normal
Tue, 05 Dec 2017 20:01:24 Everything is normal
Tue, 05 Dec 2017 20:01:27 Everything is normal
Tue, 05 Dec 2017 20:01:31 Everything is normal
Tue, 05 Dec 2017 20:01:34 Everything is normal
Tue, 05 Dec 2017 20:01:38 Everything is normal
Tue, 05 Dec 2017 20:01:41 Everything is normal
Tue, 05 Dec 2017 20:01:45 Everything is normal
DNS RR prematured end (ofs=21, len=16)
DNS RR prematured end (ofs=72, len=26)
more DNS RR prematured end (ofs=76, len=28)
DNS decompression loop detected
DNS decompression loop detected
more DNS decompression loop detected
Tue, 05 Dec 2017 20:01:48 Everything is normal
Tue, 05 Dec 2017 20:01:52 Everything is normal
Tue, 05 Dec 2017 20:01:55 Everything is normal
Tue, 05 Dec 2017 20:01:59 Everything is normal
Tue, 05 Dec 2017 20:02:02 Everything is normal
Tue, 05 Dec 2017 20:02:06 Everything is normal
Tue, 05 Dec 2017 20:02:09 Everything is normal
Tue, 05 Dec 2017 20:02:13 Everything is normal
Tue, 05 Dec 2017 20:02:16 Everything is normal
Tue, 05 Dec 2017 20:02:20 Everything is normal
Tue, 05 Dec 2017 20:02:23 Everything is normal
Tue, 05 Dec 2017 20:02:27 Everything is normal
Tue, 05 Dec 2017 20:02:30 Everything is normal
Tue, 05 Dec 2017 20:02:34 Everything is normal
Tue, 05 Dec 2017 20:02:37 Everything is normal
Tue, 05 Dec 2017 20:02:41 Everything is normal
Tue, 05 Dec 2017 20:02:44 Everything is normal
Tue, 05 Dec 2017 20:02:48 Everything is normal
Tue, 05 Dec 2017 20:02:51 Everything is normal
Tue, 05 Dec 2017 20:02:55 Everything is normal
Tue, 05 Dec 2017 20:02:58 Everything is normal
Tue, 05 Dec 2017 20:03:02 Everything is normal
Tue, 05 Dec 2017 20:03:05 Everything is normal
Tue, 05 Dec 2017 20:03:09 Everything is normal
Tue, 05 Dec 2017 20:03:12 Everything is normal
Tue, 05 Dec 2017 20:03:16 Everything is normal
Tue, 05 Dec 2017 20:03:19 Everything is normal
Tue, 05 Dec 2017 20:03:23 Everything is normal
Tue, 05 Dec 2017 20:03:26 Everything is normal
Tue, 05 Dec 2017 20:03:30 Everything is normal
Tue, 05 Dec 2017 20:03:34 Everything is normal
Tue, 05 Dec 2017 20:03:37 Everything is normal
Tue, 05 Dec 2017 20:03:41 Everything is normal
Tue, 05 Dec 2017 20:03:44 Everything is normal
Tue, 05 Dec 2017 20:03:48 Everything is normal
Tue, 05 Dec 2017 20:03:51 Everything is normal
Tue, 05 Dec 2017 20:03:55 Everything is normal
Tue, 05 Dec 2017 20:03:58 Everything is normal
Tue, 05 Dec 2017 20:04:02 Everything is normal
Tue, 05 Dec 2017 20:04:05 Everything is normal
Tue, 05 Dec 2017 20:04:09 Everything is normal
Tue, 05 Dec 2017 20:04:12 Everything is normal
Tue, 05 Dec 2017 20:04:16 Everything is normal
Tue, 05 Dec 2017 20:04:19 Everything is normal
Tue, 05 Dec 2017 20:04:23 Everything is normal
DNS RR prematured end (ofs=19, len=7)
DNS RR prematured end (ofs=80, len=21)
more DNS RR prematured end (ofs=80, len=21)
Tue, 05 Dec 2017 20:04:26 Everything is normal
Tue, 05 Dec 2017 20:04:30 Everything is normal
Tue, 05 Dec 2017 20:04:33 Everything is normal
Tue, 05 Dec 2017 20:04:37 Everything is normal
Tue, 05 Dec 2017 20:04:40 Everything is normal
Tue, 05 Dec 2017 20:04:44 Everything is normal
Tue, 05 Dec 2017 20:04:47 Everything is normal
Tue, 05 Dec 2017 20:04:51 Everything is normal
Tue, 05 Dec 2017 20:04:54 Everything is normal
Tue, 05 Dec 2017 20:04:58 Everything is normal
Tue, 05 Dec 2017 20:05:01 Everything is normal
Tue, 05 Dec 2017 20:05:05 Everything is normal
Tue, 05 Dec 2017 20:05:08 Everything is normal
Tue, 05 Dec 2017 20:05:12 Everything is normal
Tue, 05 Dec 2017 20:05:15 Everything is normal
Tue, 05 Dec 2017 20:05:19 Everything is normal
Tue, 05 Dec 2017 20:05:22 Everything is normal
Tue, 05 Dec 2017 20:05:26 Everything is normal
Tue, 05 Dec 2017 20:05:29 Everything is normal
Tue, 05 Dec 2017 20:05:33 Everything is normal
Tue, 05 Dec 2017 20:05:36 Everything is normal
Tue, 05 Dec 2017 20:05:40 Everything is normal
Tue, 05 Dec 2017 20:05:43 Everything is normal
Tue, 05 Dec 2017 20:05:47 Everything is normal
Tue, 05 Dec 2017 20:05:51 Everything is normal
DNS RR prematured end (ofs=72, len=26)
DNS RR prematured end (ofs=76, len=28)
more DNS RR prematured end (ofs=21, len=16)
DNS decompression loop detected
DNS decompression loop detected
more DNS decompression loop detected
Tue, 05 Dec 2017 20:05:54 Everything is normal
Tue, 05 Dec 2017 20:05:58 Everything is normal
Tue, 05 Dec 2017 20:06:01 Everything is normal
Tue, 05 Dec 2017 20:06:05 Everything is normal
Tue, 05 Dec 2017 20:06:08 Everything is normal
Tue, 05 Dec 2017 20:06:12 Everything is normal
Tue, 05 Dec 2017 20:06:15 Everything is normal
Tue, 05 Dec 2017 20:06:19 Everything is normal
Tue, 05 Dec 2017 20:06:22 Everything is normal
DNS RR prematured end (ofs=214, len=16)
DNS RR prematured end (ofs=229, len=15)
more DNS RR prematured end (ofs=229, len=27)
Tue, 05 Dec 2017 20:06:26 Everything is normal
Tue, 05 Dec 2017 20:06:29 Everything is normal
Tue, 05 Dec 2017 20:06:33 Everything is normal
Tue, 05 Dec 2017 20:06:36 Everything is normal
Tue, 05 Dec 2017 20:06:40 Everything is normal
Tue, 05 Dec 2017 20:06:43 Everything is normal
Tue, 05 Dec 2017 20:06:47 Everything is normal
Tue, 05 Dec 2017 20:06:50 Everything is normal
Tue, 05 Dec 2017 20:06:54 Everything is normal
Tue, 05 Dec 2017 20:06:57 Everything is normal
Tue, 05 Dec 2017 20:07:01 Everything is normal
Tue, 05 Dec 2017 20:07:04 Everything is normal
Tue, 05 Dec 2017 20:07:08 Everything is normal
Tue, 05 Dec 2017 20:07:11 Everything is normal
Tue, 05 Dec 2017 20:07:15 Everything is normal
Tue, 05 Dec 2017 20:07:18 Everything is normal
Tue, 05 Dec 2017 20:07:22 Everything is normal
Tue, 05 Dec 2017 20:07:25 Everything is normal
Tue, 05 Dec 2017 20:07:29 Everything is normal
Tue, 05 Dec 2017 20:07:32 Everything is normal
Tue, 05 Dec 2017 20:07:36 Everything is normal
Tue, 05 Dec 2017 20:07:39 Everything is normal
DNS decompression loop detected
DNS RR prematured end (ofs=494, len=28)
DNS RR prematured end (ofs=494, len=26)
DNS decompression loop detected
Tue, 05 Dec 2017 20:07:43 Everything is normal
Tue, 05 Dec 2017 20:07:46 Everything is normal
Tue, 05 Dec 2017 20:07:50 Everything is normal
Tue, 05 Dec 2017 20:07:53 Everything is normal
Tue, 05 Dec 2017 20:07:57 Everything is normal
Tue, 05 Dec 2017 20:08:00 Everything is normal
Tue, 05 Dec 2017 20:08:04 Everything is normal
DNS RR prematured end (ofs=54, len=2)
DNS RR prematured end (ofs=136, len=7)
more DNS RR prematured end (ofs=21, len=2)
DNS decompression loop detected
DNS decompression loop detected
more DNS decompression loop detected
Tue, 05 Dec 2017 20:08:07 Everything is normal
Tue, 05 Dec 2017 20:08:11 Everything is normal
Tue, 05 Dec 2017 20:08:14 Everything is normal
Tue, 05 Dec 2017 20:08:18 Everything is normal
Tue, 05 Dec 2017 20:08:21 Everything is normal
Tue, 05 Dec 2017 20:08:25 Everything is normal
Tue, 05 Dec 2017 20:08:28 Everything is normal
DNS decompression loop detected
DNS RR prematured end (ofs=147, len=28)
DNS RR prematured end (ofs=147, len=26)
more DNS RR prematured end (ofs=1026, len=28)
DNS decompression loop detected
Tue, 05 Dec 2017 20:08:32 Everything is normal
Tue, 05 Dec 2017 20:08:35 Everything is normal
Tue, 05 Dec 2017 20:08:39 Everything is normal
Tue, 05 Dec 2017 20:08:42 Everything is normal
Tue, 05 Dec 2017 20:08:46 Everything is normal
Tue, 05 Dec 2017 20:08:49 Everything is normal
Tue, 05 Dec 2017 20:08:53 Everything is normal
Tue, 05 Dec 2017 20:08:56 Everything is normal
Tue, 05 Dec 2017 20:09:00 Everything is normal
Tue, 05 Dec 2017 20:09:03 Everything is normal
Tue, 05 Dec 2017 20:09:07 Everything is normal
Tue, 05 Dec 2017 20:09:10 Everything is normal
Tue, 05 Dec 2017 20:09:14 Everything is normal
Tue, 05 Dec 2017 20:09:17 Everything is normal
Tue, 05 Dec 2017 20:09:21 Everything is normal
Tue, 05 Dec 2017 20:09:24 Everything is normal
Tue, 05 Dec 2017 20:09:28 Everything is normal
Tue, 05 Dec 2017 20:09:31 Everything is normal
Tue, 05 Dec 2017 20:09:35 Everything is normal
Tue, 05 Dec 2017 20:09:38 Everything is normal
Tue, 05 Dec 2017 20:09:42 Everything is normal
Tue, 05 Dec 2017 20:09:45 Everything is normal
Tue, 05 Dec 2017 20:09:49 Everything is normal
Tue, 05 Dec 2017 20:09:52 Everything is normal
Tue, 05 Dec 2017 20:09:56 Everything is normal
Tue, 05 Dec 2017 20:09:59 Everything is normal
Tue, 05 Dec 2017 20:10:03 Everything is normal
Tue, 05 Dec 2017 20:10:06 Everything is normal
Tue, 05 Dec 2017 20:10:10 Everything is normal
Tue, 05 Dec 2017 20:10:13 Everything is normal
Tue, 05 Dec 2017 20:10:17 Everything is normal
Tue, 05 Dec 2017 20:10:20 Everything is normal
Tue, 05 Dec 2017 20:10:24 Everything is normal
Tue, 05 Dec 2017 20:10:27 Everything is normal
Tue, 05 Dec 2017 20:10:31 Everything is normal
Tue, 05 Dec 2017 20:10:34 Everything is normal
Tue, 05 Dec 2017 20:10:38 Everything is normal
Tue, 05 Dec 2017 20:10:41 Everything is normal
Tue, 05 Dec 2017 20:10:45 Everything is normal
Tue, 05 Dec 2017 20:10:48 Everything is normal
Tue, 05 Dec 2017 20:10:52 Everything is normal
Tue, 05 Dec 2017 20:10:55 Everything is normal
Tue, 05 Dec 2017 20:10:59 Everything is normal
Tue, 05 Dec 2017 20:11:02 Everything is normal
Tue, 05 Dec 2017 20:11:06 Everything is normal
Tue, 05 Dec 2017 20:11:09 Everything is normal
Tue, 05 Dec 2017 20:11:13 Everything is normal
Tue, 05 Dec 2017 20:11:16 Everything is normal
Tue, 05 Dec 2017 20:11:20 Everything is normal
Tue, 05 Dec 2017 20:11:23 Everything is normal
Tue, 05 Dec 2017 20:11:27 Everything is normal
Tue, 05 Dec 2017 20:11:30 Everything is normal
Tue, 05 Dec 2017 20:11:34 Everything is normal
Tue, 05 Dec 2017 20:11:37 Everything is normal
Tue, 05 Dec 2017 20:11:41 Everything is normal
Tue, 05 Dec 2017 20:11:44 Everything is normal
Tue, 05 Dec 2017 20:12:16 Everything is normal
Tue, 05 Dec 2017 20:12:19 Everything is normal
Tue, 05 Dec 2017 20:12:23 Everything is normal
Tue, 05 Dec 2017 20:12:26 Everything is normal
Tue, 05 Dec 2017 20:12:30 Everything is normal
Tue, 05 Dec 2017 20:12:33 Everything is normal
Tue, 05 Dec 2017 20:12:37 Everything is normal
Tue, 05 Dec 2017 20:12:40 Everything is normal
Tue, 05 Dec 2017 20:12:44 Everything is normal
Tue, 05 Dec 2017 20:12:47 Everything is normal
Tue, 05 Dec 2017 20:12:51 Everything is normal
Tue, 05 Dec 2017 20:12:54 Everything is normal
Tue, 05 Dec 2017 20:12:58 Everything is normal
Tue, 05 Dec 2017 20:13:01 Everything is normal
Tue, 05 Dec 2017 20:13:05 Everything is normal
Tue, 05 Dec 2017 20:13:06 Everything is normal
Tue, 05 Dec 2017 20:13:08 Everything is normal
Tue, 05 Dec 2017 20:13:10 Everything is normal
Tue, 05 Dec 2017 20:13:12 Everything is normal
Tue, 05 Dec 2017 20:13:13 Everything is normal
Tue, 05 Dec 2017 20:13:15 Everything is normal
Tue, 05 Dec 2017 20:13:17 Everything is normal
DNS RR prematured end (ofs=76, len=28)
DNS RR prematured end (ofs=72, len=26)
more DNS RR prematured end (ofs=21, len=16)
DNS decompression loop detected
DNS decompression loop detected
more DNS decompression loop detected
Tue, 05 Dec 2017 20:13:19 Everything is normal
Tue, 05 Dec 2017 20:13:20 Everything is normal
Tue, 05 Dec 2017 20:13:22 Everything is normal
Tue, 05 Dec 2017 20:13:24 Everything is normal
Tue, 05 Dec 2017 20:13:26 Everything is normal
Tue, 05 Dec 2017 20:13:27 Everything is normal
Tue, 05 Dec 2017 20:13:29 Everything is normal
Tue, 05 Dec 2017 20:13:31 Everything is normal
Tue, 05 Dec 2017 20:13:33 Everything is normal
Tue, 05 Dec 2017 20:13:34 Everything is normal
Tue, 05 Dec 2017 20:13:36 Everything is normal
Tue, 05 Dec 2017 20:13:38 Everything is normal
Tue, 05 Dec 2017 20:13:40 Everything is normal
Tue, 05 Dec 2017 20:13:41 SYN attack detected! IP: 131.202.242.43 No. of attempts: 4411
Tue, 05 Dec 2017 20:13:43 Everything is normal
Tue, 05 Dec 2017 20:13:45 SYN attack detected! IP: 131.202.242.43 No. of attempts: 7137
Tue, 05 Dec 2017 20:13:47 Everything is normal
Tue, 05 Dec 2017 20:13:48 SYN attack detected! IP: 131.202.242.43 No. of attempts: 7205
Tue, 05 Dec 2017 20:13:50 Everything is normal
Tue, 05 Dec 2017 20:13:52 SYN attack detected! IP: 131.202.242.43 No. of attempts: 7216
Tue, 05 Dec 2017 20:13:54 Everything is normal
Tue, 05 Dec 2017 20:13:55 SYN attack detected! IP: 131.202.242.43 No. of attempts: 8001
Tue, 05 Dec 2017 20:13:57 Everything is normal
Tue, 05 Dec 2017 20:13:59 SYN attack detected! IP: 131.202.242.43 No. of attempts: 6696
Tue, 05 Dec 2017 20:14:01 Everything is normal
Tue, 05 Dec 2017 20:14:02 SYN attack detected! IP: 131.202.242.43 No. of attempts: 6610
Tue, 05 Dec 2017 20:14:04 Everything is normal
Tue, 05 Dec 2017 20:14:06 SYN attack detected! IP: 131.202.242.43 No. of attempts: 6806
Tue, 05 Dec 2017 20:14:08 Everything is normal
Tue, 05 Dec 2017 20:14:09 SYN attack detected! IP: 131.202.242.43 No. of attempts: 5930
Tue, 05 Dec 2017 20:14:11 Everything is normal
Tue, 05 Dec 2017 20:14:13 SYN attack detected! IP: 131.202.242.43 No. of attempts: 7386
Tue, 05 Dec 2017 20:14:15 Everything is normal
Tue, 05 Dec 2017 20:14:16 SYN attack detected! IP: 131.202.242.43 No. of attempts: 5905
DNS RR prematured end (ofs=74, len=26)
DNS RR prematured end (ofs=79, len=28)
more DNS RR prematured end (ofs=22, len=15)
DNS decompression loop detected
DNS decompression loop detected
more DNS decompression loop detected
Tue, 05 Dec 2017 20:14:18 Everything is normal
Tue, 05 Dec 2017 20:14:20 SYN attack detected! IP: 131.202.242.43 No. of attempts: 7274
Tue, 05 Dec 2017 20:14:22 Everything is normal
Tue, 05 Dec 2017 20:14:23 SYN attack detected! IP: 131.202.242.43 No. of attempts: 7429
Tue, 05 Dec 2017 20:14:25 Everything is normal
Tue, 05 Dec 2017 20:14:27 SYN attack detected! IP: 131.202.242.43 No. of attempts: 5445
DNS RR prematured end (ofs=72, len=27)
DNS RR prematured end (ofs=22, len=16)
more DNS RR prematured end (ofs=22, len=15)
DNS decompression loop detected
DNS decompression loop detected
more DNS decompression loop detected
Tue, 05 Dec 2017 20:14:29 Everything is normal
Tue, 05 Dec 2017 20:14:30 SYN attack detected! IP: 131.202.242.43 No. of attempts: 7189
Tue, 05 Dec 2017 20:14:32 Everything is normal
Tue, 05 Dec 2017 20:14:34 SYN attack detected! IP: 131.202.242.43 No. of attempts: 7234
Tue, 05 Dec 2017 20:14:36 Everything is normal
Tue, 05 Dec 2017 20:14:37 SYN attack detected! IP: 131.202.242.43 No. of attempts: 6965
Tue, 05 Dec 2017 20:14:39 Everything is normal
Tue, 05 Dec 2017 20:14:41 SYN attack detected! IP: 131.202.242.43 No. of attempts: 4675
Tue, 05 Dec 2017 20:14:43 Everything is normal
DNS RR prematured end (ofs=22, len=15)
DNS RR prematured end (ofs=72, len=27)
more DNS RR prematured end (ofs=22, len=16)
DNS decompression loop detected
DNS decompression loop detected
more DNS decompression loop detected
Tue, 05 Dec 2017 20:14:44 SYN attack detected! IP: 131.202.242.43 No. of attempts: 6652
Tue, 05 Dec 2017 20:14:46 Everything is normal
Tue, 05 Dec 2017 20:14:48 SYN attack detected! IP: 131.202.242.43 No. of attempts: 6611
Tue, 05 Dec 2017 20:14:50 Everything is normal
Tue, 05 Dec 2017 20:14:51 SYN attack detected! IP: 131.202.242.43 No. of attempts: 6541
Tue, 05 Dec 2017 20:14:53 Everything is normal
Tue, 05 Dec 2017 20:14:55 SYN attack detected! IP: 131.202.242.43 No. of attempts: 4598
Tue, 05 Dec 2017 20:14:57 Everything is normal
Tue, 05 Dec 2017 20:14:59 SYN attack detected! IP: 131.202.242.43 No. of attempts: 6332
Tue, 05 Dec 2017 20:15:00 Everything is normal
Tue, 05 Dec 2017 20:15:02 SYN attack detected! IP: 131.202.242.43 No. of attempts: 1942
Tue, 05 Dec 2017 20:15:04 Everything is normal
Tue, 05 Dec 2017 20:15:06 Everything is normal
Tue, 05 Dec 2017 20:15:07 Everything is normal
Tue, 05 Dec 2017 20:15:09 Everything is normal
Tue, 05 Dec 2017 20:15:11 Everything is normal
DNS RR prematured end (ofs=21, len=16)
DNS decompression loop detected
DNS RR prematured end (ofs=21, len=16)
more DNS RR prematured end (ofs=72, len=26)
DNS decompression loop detected
more DNS decompression loop detected
Tue, 05 Dec 2017 20:15:13 Everything is normal
Tue, 05 Dec 2017 20:15:15 Everything is normal
Tue, 05 Dec 2017 20:15:17 Everything is normal
Tue, 05 Dec 2017 20:15:18 Everything is normal
Tue, 05 Dec 2017 20:15:20 Everything is normal
Tue, 05 Dec 2017 20:15:22 Everything is normal
Tue, 05 Dec 2017 20:15:24 Everything is normal
DNS RR prematured end (ofs=54, len=2)
DNS RR prematured end (ofs=136, len=7)
more DNS RR prematured end (ofs=21, len=2)
DNS decompression loop detected
DNS decompression loop detected
more DNS decompression loop detected
Tue, 05 Dec 2017 20:15:25 Everything is normal
Tue, 05 Dec 2017 20:15:27 Everything is normal
Tue, 05 Dec 2017 20:15:29 Everything is normal
Tue, 05 Dec 2017 20:15:31 Everything is normal
Tue, 05 Dec 2017 20:15:32 Everything is normal
Tue, 05 Dec 2017 20:15:34 Everything is normal
Tue, 05 Dec 2017 20:15:36 Everything is normal
Tue, 05 Dec 2017 20:15:38 Everything is normal
Tue, 05 Dec 2017 20:15:39 Everything is normal
DNS RR prematured end (ofs=131, len=35)
DNS RR prematured end (ofs=54, len=2)
more DNS RR prematured end (ofs=35, len=2)
DNS decompression loop detected
DNS decompression loop detected
more DNS decompression loop detected
Tue, 05 Dec 2017 20:15:41 Everything is normal
Tue, 05 Dec 2017 20:15:43 Everything is normal
Tue, 05 Dec 2017 20:15:45 Everything is normal
Tue, 05 Dec 2017 20:15:46 Everything is normal
Tue, 05 Dec 2017 20:15:48 Everything is normal
Tue, 05 Dec 2017 20:15:50 Everything is normal
Tue, 05 Dec 2017 20:15:52 Everything is normal
Tue, 05 Dec 2017 20:15:53 Everything is normal
Tue, 05 Dec 2017 20:15:55 Everything is normal
Tue, 05 Dec 2017 20:15:57 Everything is normal
Tue, 05 Dec 2017 20:15:59 Everything is normal
Tue, 05 Dec 2017 20:16:00 Everything is normal
Tue, 05 Dec 2017 20:16:02 Everything is normal
Tue, 05 Dec 2017 20:16:04 Everything is normal
Tue, 05 Dec 2017 20:16:06 Everything is normal
Tue, 05 Dec 2017 20:16:07 Everything is normal
Tue, 05 Dec 2017 20:16:09 Everything is normal
Tue, 05 Dec 2017 20:16:11 Everything is normal
Tue, 05 Dec 2017 20:16:13 Everything is normal
Tue, 05 Dec 2017 20:16:14 Everything is normal
Tue, 05 Dec 2017 20:16:16 Everything is normal
Tue, 05 Dec 2017 20:16:18 Everything is normal
Tue, 05 Dec 2017 20:16:20 Everything is normal
DNS RR prematured end (ofs=74, len=26)
DNS RR prematured end (ofs=79, len=28)
more DNS RR prematured end (ofs=72, len=27)
DNS decompression loop detected
DNS decompression loop detected
more DNS decompression loop detected
Tue, 05 Dec 2017 20:16:21 Everything is normal
Tue, 05 Dec 2017 20:16:23 Everything is normal
Tue, 05 Dec 2017 20:16:25 Everything is normal
Tue, 05 Dec 2017 20:16:27 Everything is normal
Tue, 05 Dec 2017 20:16:28 Everything is normal
Tue, 05 Dec 2017 20:16:30 Everything is normal
Tue, 05 Dec 2017 20:16:32 Everything is normal
DNS RR prematured end (ofs=23, len=20)
DNS RR prematured end (ofs=40, len=31)
more DNS RR prematured end (ofs=58, len=2)
DNS decompression loop detected
DNS decompression loop detected
Tue, 05 Dec 2017 20:16:34 Everything is normal
more DNS decompression loop detected
Tue, 05 Dec 2017 20:16:35 Everything is normal
Tue, 05 Dec 2017 20:16:37 Everything is normal
DNS RR prematured end (ofs=23, len=20)
DNS RR prematured end (ofs=40, len=31)
more DNS RR prematured end (ofs=72, len=27)
DNS decompression loop detected
DNS decompression loop detected
more DNS decompression loop detected
Tue, 05 Dec 2017 20:16:39 Everything is normal
Tue, 05 Dec 2017 20:16:41 Everything is normal
Tue, 05 Dec 2017 20:16:42 Everything is normal
Tue, 05 Dec 2017 20:16:44 Everything is normal
Tue, 05 Dec 2017 20:16:46 Everything is normal
DNS RR prematured end (ofs=22, len=16)
DNS decompression loop detected
Tue, 05 Dec 2017 20:16:48 Everything is normal
Tue, 05 Dec 2017 20:16:49 Everything is normal
DNS RR prematured end (ofs=72, len=27)
more DNS RR prematured end (ofs=22, len=16)
DNS decompression loop detected
more DNS decompression loop detected
Tue, 05 Dec 2017 20:16:51 Everything is normal
Tue, 05 Dec 2017 20:16:53 Everything is normal
Tue, 05 Dec 2017 20:16:55 Everything is normal
Tue, 05 Dec 2017 20:16:56 Everything is normal
Tue, 05 Dec 2017 20:16:58 Everything is normal
Tue, 05 Dec 2017 20:17:00 Everything is normal
Tue, 05 Dec 2017 20:17:02 Everything is normal
Tue, 05 Dec 2017 20:17:03 Everything is normal
Tue, 05 Dec 2017 20:17:05 Everything is normal
DNS RR prematured end (ofs=72, len=27)
DNS RR prematured end (ofs=22, len=16)
more DNS RR prematured end (ofs=74, len=26)
DNS decompression loop detected
DNS decompression loop detected
more DNS decompression loop detected
Tue, 05 Dec 2017 20:17:07 Everything is normal
Tue, 05 Dec 2017 20:17:09 Everything is normal
Tue, 05 Dec 2017 20:17:10 Everything is normal
Tue, 05 Dec 2017 20:17:12 Everything is normal
Tue, 05 Dec 2017 20:17:14 Everything is normal
Tue, 05 Dec 2017 20:17:16 Everything is normal
DNS RR prematured end (ofs=10, len=2)
DNS RR prematured end (ofs=10, len=2)
more DNS RR prematured end (ofs=10, len=2)
DNS decompression loop detected
DNS decompression loop detected
more DNS decompression loop detected
Tue, 05 Dec 2017 20:17:17 Everything is normal
Tue, 05 Dec 2017 20:17:19 Everything is normal
Tue, 05 Dec 2017 20:17:21 Everything is normal
DNS RR prematured end (ofs=5, len=2)
DNS decompression loop detected
DNS RR prematured end (ofs=170, len=2)
more DNS RR prematured end (ofs=165, len=2)
DNS decompression loop detected
Tue, 05 Dec 2017 20:17:23 Everything is normal
more DNS decompression loop detected
Tue, 05 Dec 2017 20:17:24 Everything is normal
Tue, 05 Dec 2017 20:17:26 Everything is normal
Tue, 05 Dec 2017 20:17:28 Everything is normal
DNS RR prematured end (ofs=5, len=2)
DNS decompression loop detected
DNS RR prematured end (ofs=170, len=2)
more DNS RR prematured end (ofs=165, len=2)
DNS decompression loop detected
Tue, 05 Dec 2017 20:17:30 Everything is normal
Tue, 05 Dec 2017 20:17:31 Everything is normal
Tue, 05 Dec 2017 20:17:33 Everything is normal
Tue, 05 Dec 2017 20:17:35 Everything is normal
Tue, 05 Dec 2017 20:17:37 Everything is normal
DNS RR prematured end (ofs=72, len=27)
DNS RR prematured end (ofs=22, len=16)
more DNS RR prematured end (ofs=74, len=26)
DNS decompression loop detected
DNS decompression loop detected
more DNS decompression loop detected
Tue, 05 Dec 2017 20:17:38 Everything is normal
Tue, 05 Dec 2017 20:17:40 Everything is normal
Tue, 05 Dec 2017 20:17:42 Everything is normal
Tue, 05 Dec 2017 20:17:44 Everything is normal
Tue, 05 Dec 2017 20:17:45 Everything is normal
Tue, 05 Dec 2017 20:17:47 Everything is normal
Tue, 05 Dec 2017 20:17:49 Everything is normal
Tue, 05 Dec 2017 20:17:51 Everything is normal
Tue, 05 Dec 2017 20:17:52 Everything is normal
DNS RR prematured end (ofs=93, len=16)
DNS RR prematured end (ofs=108, len=16)
more DNS RR prematured end (ofs=108, len=27)
Tue, 05 Dec 2017 20:17:54 Everything is normal
Tue, 05 Dec 2017 20:17:56 Everything is normal
Tue, 05 Dec 2017 20:17:58 Everything is normal
Tue, 05 Dec 2017 20:17:59 Everything is normal
DNS decompression loop detected
DNS RR prematured end (ofs=115, len=7)
DNS RR prematured end (ofs=139, len=7)
DNS decompression loop detected
more DNS RR prematured end (ofs=115, len=7)
Tue, 05 Dec 2017 20:18:01 Everything is normal
Tue, 05 Dec 2017 20:18:03 Everything is normal
Tue, 05 Dec 2017 20:18:05 Everything is normal
Tue, 05 Dec 2017 20:18:06 Everything is normal
Tue, 05 Dec 2017 20:18:08 Everything is normal
Tue, 05 Dec 2017 20:18:10 Everything is normal
Tue, 05 Dec 2017 20:18:12 Everything is normal
Tue, 05 Dec 2017 20:18:13 Everything is normal
Tue, 05 Dec 2017 20:18:15 Everything is normal
Tue, 05 Dec 2017 20:18:17 Everything is normal
Tue, 05 Dec 2017 20:18:19 Everything is normal
Tue, 05 Dec 2017 20:18:20 Everything is normal
Tue, 05 Dec 2017 20:18:22 Everything is normal
Tue, 05 Dec 2017 20:18:24 Everything is normal
Tue, 05 Dec 2017 20:18:26 Everything is normal
Tue, 05 Dec 2017 20:18:27 Everything is normal
Tue, 05 Dec 2017 20:18:29 Everything is normal
Tue, 05 Dec 2017 20:18:31 Everything is normal
Tue, 05 Dec 2017 20:18:33 Everything is normal
Tue, 05 Dec 2017 20:18:34 Everything is normal
Tue, 05 Dec 2017 20:18:36 Everything is normal
DNS RR prematured end (ofs=75, len=2)
DNS RR prematured end (ofs=40, len=2)
more DNS RR prematured end (ofs=21, len=2)
DNS decompression loop detected
DNS decompression loop detected
more DNS decompression loop detected
Tue, 05 Dec 2017 20:18:38 Everything is normal
Tue, 05 Dec 2017 20:18:40 Everything is normal
Tue, 05 Dec 2017 20:18:41 Everything is normal
DNS RR prematured end (ofs=72, len=27)
DNS RR prematured end (ofs=22, len=16)
more DNS RR prematured end (ofs=74, len=26)
DNS decompression loop detected
DNS decompression loop detected
more DNS decompression loop detected
Tue, 05 Dec 2017 20:18:43 Everything is normal
Tue, 05 Dec 2017 20:18:45 Everything is normal
Tue, 05 Dec 2017 20:18:47 Everything is normal
Tue, 05 Dec 2017 20:18:48 Everything is normal
Tue, 05 Dec 2017 20:18:50 Everything is normal
Tue, 05 Dec 2017 20:18:52 Everything is normal
Tue, 05 Dec 2017 20:18:54 Everything is normal
Tue, 05 Dec 2017 20:18:55 Everything is normal
Tue, 05 Dec 2017 20:18:57 Everything is normal
Tue, 05 Dec 2017 20:18:59 Everything is normal
Tue, 05 Dec 2017 20:19:01 Everything is normal
Tue, 05 Dec 2017 20:19:02 Everything is normal
Tue, 05 Dec 2017 20:19:04 Everything is normal
Tue, 05 Dec 2017 20:19:06 Everything is normal
Tue, 05 Dec 2017 20:19:08 Everything is normal
Tue, 05 Dec 2017 20:19:09 Everything is normal
Tue, 05 Dec 2017 20:19:11 Everything is normal
Tue, 05 Dec 2017 20:19:13 Everything is normal
Tue, 05 Dec 2017 20:19:15 Everything is normal
Tue, 05 Dec 2017 20:19:16 Everything is normal
Tue, 05 Dec 2017 20:19:18 Everything is normal
Tue, 05 Dec 2017 20:19:20 Everything is normal
Tue, 05 Dec 2017 20:19:22 Everything is normal
Tue, 05 Dec 2017 20:19:23 Everything is normal
Tue, 05 Dec 2017 20:19:25 Everything is normal
Tue, 05 Dec 2017 20:19:27 Everything is normal
Tue, 05 Dec 2017 20:19:29 Everything is normal
Tue, 05 Dec 2017 20:19:30 Everything is normal
Tue, 05 Dec 2017 20:19:32 Everything is normal
Tue, 05 Dec 2017 20:19:34 Everything is normal
Tue, 05 Dec 2017 20:19:36 Everything is normal
Tue, 05 Dec 2017 20:19:37 Everything is normal
Tue, 05 Dec 2017 20:19:39 Everything is normal
Tue, 05 Dec 2017 20:19:41 Everything is normal
Tue, 05 Dec 2017 20:19:43 Everything is normal
Tue, 05 Dec 2017 20:19:44 Everything is normal
Tue, 05 Dec 2017 20:19:46 Everything is normal
Tue, 05 Dec 2017 20:19:48 Everything is normal
Tue, 05 Dec 2017 20:19:50 Everything is normal
Tue, 05 Dec 2017 20:19:51 Everything is normal
Tue, 05 Dec 2017 20:19:53 Everything is normal
Tue, 05 Dec 2017 20:19:55 Everything is normal
Tue, 05 Dec 2017 20:19:57 Everything is normal
Tue, 05 Dec 2017 20:19:58 Everything is normal
Tue, 05 Dec 2017 20:20:00 Everything is normal
Tue, 05 Dec 2017 20:20:02 Everything is normal
Tue, 05 Dec 2017 20:20:04 Everything is normal
Tue, 05 Dec 2017 20:20:05 Everything is normal
Tue, 05 Dec 2017 20:20:07 Everything is normal
Tue, 05 Dec 2017 20:20:09 Everything is normal
Tue, 05 Dec 2017 20:20:11 Everything is normal
Tue, 05 Dec 2017 20:20:12 Everything is normal
Tue, 05 Dec 2017 20:20:14 Everything is normal
Tue, 05 Dec 2017 20:20:16 Everything is normal
Tue, 05 Dec 2017 20:20:18 Everything is normal
Tue, 05 Dec 2017 20:20:19 Everything is normal
Tue, 05 Dec 2017 20:20:21 Everything is normal
Tue, 05 Dec 2017 20:20:23 Everything is normal
Tue, 05 Dec 2017 20:20:25 Everything is normal
Tue, 05 Dec 2017 20:20:26 Everything is normal
Tue, 05 Dec 2017 20:20:28 Everything is normal
Tue, 05 Dec 2017 20:20:30 Everything is normal
Tue, 05 Dec 2017 20:20:32 Everything is normal
Tue, 05 Dec 2017 20:20:33 Everything is normal
Tue, 05 Dec 2017 20:20:35 Everything is normal
Tue, 05 Dec 2017 20:20:37 Everything is normal
Tue, 05 Dec 2017 20:20:39 Everything is normal
Tue, 05 Dec 2017 20:20:40 Everything is normal
Tue, 05 Dec 2017 20:20:42 Everything is normal
Tue, 05 Dec 2017 20:20:44 Everything is normal
Tue, 05 Dec 2017 20:20:46 Everything is normal
DNS RR prematured end (ofs=424, len=16)
DNS RR prematured end (ofs=424, len=26)
more DNS RR prematured end (ofs=424, len=28)
DNS decompression loop detected
DNS decompression loop detected
more DNS decompression loop detected
Tue, 05 Dec 2017 20:20:47 Everything is normal
Tue, 05 Dec 2017 20:20:49 Everything is normal
Tue, 05 Dec 2017 20:20:51 Everything is normal
Tue, 05 Dec 2017 20:20:53 Everything is normal
DNS RR prematured end (ofs=22, len=15)
DNS RR prematured end (ofs=72, len=27)
more DNS RR prematured end (ofs=22, len=16)
DNS decompression loop detected
DNS decompression loop detected
more DNS decompression loop detected
Tue, 05 Dec 2017 20:20:54 Everything is normal
Tue, 05 Dec 2017 20:20:56 Everything is normal
Tue, 05 Dec 2017 20:20:58 Everything is normal
Tue, 05 Dec 2017 20:21:00 Everything is normal
Tue, 05 Dec 2017 20:21:01 Everything is normal
Tue, 05 Dec 2017 20:21:03 Everything is normal
Tue, 05 Dec 2017 20:21:05 Everything is normal
Tue, 05 Dec 2017 20:21:07 Everything is normal
Tue, 05 Dec 2017 20:21:08 Everything is normal
Tue, 05 Dec 2017 20:21:10 Everything is normal
Tue, 05 Dec 2017 20:21:12 Everything is normal
Tue, 05 Dec 2017 20:21:14 Everything is normal
Tue, 05 Dec 2017 20:21:15 Everything is normal
Tue, 05 Dec 2017 20:21:17 Everything is normal
Tue, 05 Dec 2017 20:21:19 Everything is normal
Tue, 05 Dec 2017 20:21:21 Everything is normal
Tue, 05 Dec 2017 20:21:22 Everything is normal
Tue, 05 Dec 2017 20:21:24 Everything is normal
Tue, 05 Dec 2017 20:21:26 Everything is normal
DNS RR prematured end (ofs=21, len=16)
DNS RR prematured end (ofs=72, len=26)
more DNS RR prematured end (ofs=76, len=28)
DNS decompression loop detected
DNS decompression loop detected
more DNS decompression loop detected
Tue, 05 Dec 2017 20:21:28 Everything is normal
Tue, 05 Dec 2017 20:21:29 Everything is normal
Tue, 05 Dec 2017 20:21:31 Everything is normal
DNS RR prematured end (ofs=75, len=2)
DNS RR prematured end (ofs=40, len=2)
more DNS RR prematured end (ofs=21, len=2)
DNS decompression loop detected
DNS decompression loop detected
more DNS decompression loop detected
Tue, 05 Dec 2017 20:21:33 Everything is normal
Tue, 05 Dec 2017 20:21:35 Everything is normal
Tue, 05 Dec 2017 20:21:36 Everything is normal
Tue, 05 Dec 2017 20:21:38 Everything is normal
Tue, 05 Dec 2017 20:21:40 Everything is normal
Tue, 05 Dec 2017 20:21:42 Everything is normal
Tue, 05 Dec 2017 20:21:43 Everything is normal
Tue, 05 Dec 2017 20:21:45 Everything is normal
Tue, 05 Dec 2017 20:21:47 Everything is normal
Tue, 05 Dec 2017 20:21:49 Everything is normal
Tue, 05 Dec 2017 20:21:50 Everything is normal
Tue, 05 Dec 2017 20:21:52 Everything is normal
Tue, 05 Dec 2017 20:21:54 Everything is normal
Tue, 05 Dec 2017 20:21:56 Everything is normal
Tue, 05 Dec 2017 20:21:58 Everything is normal
DNS RR prematured end (ofs=22, len=16)
DNS decompression loop detected
DNS RR prematured end (ofs=79, len=28)
more DNS RR prematured end (ofs=74, len=26)
DNS decompression loop detected
more DNS decompression loop detected
Tue, 05 Dec 2017 20:21:59 Everything is normal
Tue, 05 Dec 2017 20:22:01 Everything is normal
Tue, 05 Dec 2017 20:22:03 Everything is normal
Tue, 05 Dec 2017 20:22:05 Everything is normal
Tue, 05 Dec 2017 20:22:06 Everything is normal
Tue, 05 Dec 2017 20:22:08 Everything is normal
Tue, 05 Dec 2017 20:22:10 Everything is normal
Tue, 05 Dec 2017 20:22:12 Everything is normal
Tue, 05 Dec 2017 20:22:13 Everything is normal
Tue, 05 Dec 2017 20:22:15 Everything is normal
Tue, 05 Dec 2017 20:22:17 Everything is normal
Tue, 05 Dec 2017 20:22:19 Everything is normal
Tue, 05 Dec 2017 20:22:20 Everything is normal
Tue, 05 Dec 2017 20:22:22 Everything is normal
Tue, 05 Dec 2017 20:22:26 Everything is normal
Tue, 05 Dec 2017 20:22:26 Everything is normal
Tue, 05 Dec 2017 20:22:29 Everything is normal
Tue, 05 Dec 2017 20:22:29 Everything is normal
Tue, 05 Dec 2017 20:22:33 Everything is normal
Tue, 05 Dec 2017 20:22:33 Everything is normal
Tue, 05 Dec 2017 20:22:36 Everything is normal
Tue, 05 Dec 2017 20:22:36 Everything is normal
Tue, 05 Dec 2017 20:22:40 Everything is normal
Tue, 05 Dec 2017 20:22:40 Everything is normal
Tue, 05 Dec 2017 20:22:43 Everything is normal
Tue, 05 Dec 2017 20:22:44 Everything is normal
Tue, 05 Dec 2017 20:22:47 Everything is normal
Tue, 05 Dec 2017 20:22:47 Everything is normal
Tue, 05 Dec 2017 20:22:50 Everything is normal
Tue, 05 Dec 2017 20:22:51 Everything is normal
Tue, 05 Dec 2017 20:22:54 Everything is normal
Tue, 05 Dec 2017 20:22:54 Everything is normal
Tue, 05 Dec 2017 20:22:57 Everything is normal
Tue, 05 Dec 2017 20:22:58 Everything is normal
Tue, 05 Dec 2017 20:23:01 Everything is normal
Tue, 05 Dec 2017 20:23:01 Everything is normal
Tue, 05 Dec 2017 20:23:04 Everything is normal
Tue, 05 Dec 2017 20:23:05 Everything is normal
Tue, 05 Dec 2017 20:23:08 Everything is normal
Tue, 05 Dec 2017 20:23:08 Everything is normal
DNS RR prematured end (ofs=21, len=16)
DNS decompression loop detected
Tue, 05 Dec 2017 20:23:11 Everything is normal
Tue, 05 Dec 2017 20:23:12 Everything is normal
Tue, 05 Dec 2017 20:23:15 Everything is normal
Tue, 05 Dec 2017 20:23:15 Everything is normal
Tue, 05 Dec 2017 20:23:18 Everything is normal
Tue, 05 Dec 2017 20:23:19 Everything is normal
Tue, 05 Dec 2017 20:23:22 Everything is normal
Tue, 05 Dec 2017 20:23:22 Everything is normal
Tue, 05 Dec 2017 20:23:25 Everything is normal
Tue, 05 Dec 2017 20:23:26 Everything is normal
Tue, 05 Dec 2017 20:23:29 Everything is normal
Tue, 05 Dec 2017 20:23:29 Everything is normal
Tue, 05 Dec 2017 20:23:32 Everything is normal
Tue, 05 Dec 2017 20:23:33 Everything is normal
Tue, 05 Dec 2017 20:23:36 Everything is normal
Tue, 05 Dec 2017 20:23:36 Everything is normal
Tue, 05 Dec 2017 20:23:39 Everything is normal
Tue, 05 Dec 2017 20:23:40 Everything is normal
Tue, 05 Dec 2017 20:23:43 Everything is normal
Tue, 05 Dec 2017 20:23:43 Everything is normal
Tue, 05 Dec 2017 20:23:46 Everything is normal
Tue, 05 Dec 2017 20:23:47 Everything is normal
Tue, 05 Dec 2017 20:23:50 Everything is normal
Tue, 05 Dec 2017 20:23:50 Everything is normal
Tue, 05 Dec 2017 20:23:53 Everything is normal
Tue, 05 Dec 2017 20:23:54 Everything is normal
DNS decompression loop detected
DNS decompression loop detected
more DNS decompression loop detected
Tue, 05 Dec 2017 20:23:57 Everything is normal
Tue, 05 Dec 2017 20:23:57 Everything is normal
Tue, 05 Dec 2017 20:24:00 Everything is normal
Tue, 05 Dec 2017 20:24:01 Everything is normal
Tue, 05 Dec 2017 20:24:04 Everything is normal
Tue, 05 Dec 2017 20:24:04 Everything is normal
Tue, 05 Dec 2017 20:24:07 Everything is normal
Tue, 05 Dec 2017 20:24:08 Everything is normal
Tue, 05 Dec 2017 20:24:11 Everything is normal
Tue, 05 Dec 2017 20:24:11 Everything is normal
Tue, 05 Dec 2017 20:24:14 Everything is normal
Tue, 05 Dec 2017 20:24:15 Everything is normal
Tue, 05 Dec 2017 20:24:18 Everything is normal
Tue, 05 Dec 2017 20:24:18 Everything is normal
Tue, 05 Dec 2017 20:24:21 Everything is normal
Tue, 05 Dec 2017 20:24:22 Everything is normal
Tue, 05 Dec 2017 20:24:25 Everything is normal
Tue, 05 Dec 2017 20:24:25 Everything is normal
Tue, 05 Dec 2017 20:24:28 Everything is normal
Tue, 05 Dec 2017 20:24:29 Everything is normal
Tue, 05 Dec 2017 20:24:32 Everything is normal
Tue, 05 Dec 2017 20:24:32 Everything is normal
Tue, 05 Dec 2017 20:24:35 Everything is normal
Tue, 05 Dec 2017 20:24:36 Everything is normal
Tue, 05 Dec 2017 20:24:39 Everything is normal
Tue, 05 Dec 2017 20:24:39 Everything is normal
Tue, 05 Dec 2017 20:24:42 Everything is normal
Tue, 05 Dec 2017 20:24:43 Everything is normal
Tue, 05 Dec 2017 20:24:46 Everything is normal
Tue, 05 Dec 2017 20:24:46 Everything is normal
Tue, 05 Dec 2017 20:24:49 Everything is normal
Tue, 05 Dec 2017 20:24:50 Everything is normal
Tue, 05 Dec 2017 20:24:53 Everything is normal
Tue, 05 Dec 2017 20:24:53 Everything is normal
Tue, 05 Dec 2017 20:24:56 Everything is normal
Tue, 05 Dec 2017 20:24:57 Everything is normal
Tue, 05 Dec 2017 20:25:00 Everything is normal
Tue, 05 Dec 2017 20:25:00 Everything is normal
Tue, 05 Dec 2017 20:25:03 Everything is normal
Tue, 05 Dec 2017 20:25:04 Everything is normal
DNS RR prematured end (ofs=72, len=27)
DNS RR prematured end (ofs=22, len=16)
more DNS RR prematured end (ofs=74, len=26)
DNS decompression loop detected
DNS decompression loop detected
more DNS decompression loop detected
Tue, 05 Dec 2017 20:25:07 Everything is normal
Tue, 05 Dec 2017 20:25:07 Everything is normal
Tue, 05 Dec 2017 20:25:10 Everything is normal
Tue, 05 Dec 2017 20:25:11 Everything is normal
Tue, 05 Dec 2017 20:25:14 Everything is normal
Tue, 05 Dec 2017 20:25:14 Everything is normal
Tue, 05 Dec 2017 20:25:17 Everything is normal
Tue, 05 Dec 2017 20:25:18 Everything is normal
Tue, 05 Dec 2017 20:25:21 Everything is normal
Tue, 05 Dec 2017 20:25:21 Everything is normal
Tue, 05 Dec 2017 20:25:24 Everything is normal
Tue, 05 Dec 2017 20:25:25 Everything is normal
Tue, 05 Dec 2017 20:25:28 Everything is normal
Tue, 05 Dec 2017 20:25:28 Everything is normal
Tue, 05 Dec 2017 20:25:31 Everything is normal
Tue, 05 Dec 2017 20:25:32 Everything is normal
Tue, 05 Dec 2017 20:25:35 Everything is normal
Tue, 05 Dec 2017 20:25:35 Everything is normal
Tue, 05 Dec 2017 20:25:38 Everything is normal
Tue, 05 Dec 2017 20:25:39 Everything is normal
Tue, 05 Dec 2017 20:25:42 Everything is normal
Tue, 05 Dec 2017 20:25:42 Everything is normal
Tue, 05 Dec 2017 20:25:45 Everything is normal
Tue, 05 Dec 2017 20:25:46 Everything is normal
DNS decompression loop detected
DNS decompression loop detected
more DNS decompression loop detected
Tue, 05 Dec 2017 20:25:49 Everything is normal
Tue, 05 Dec 2017 20:25:49 Everything is normal
Tue, 05 Dec 2017 20:25:52 Everything is normal
Tue, 05 Dec 2017 20:25:53 Everything is normal
Tue, 05 Dec 2017 20:25:56 Everything is normal
Tue, 05 Dec 2017 20:25:56 Everything is normal
Tue, 05 Dec 2017 20:25:59 Everything is normal
Tue, 05 Dec 2017 20:26:00 Everything is normal
Tue, 05 Dec 2017 20:26:03 Everything is normal
Tue, 05 Dec 2017 20:26:03 Everything is normal
Tue, 05 Dec 2017 20:26:06 Everything is normal
Tue, 05 Dec 2017 20:26:07 Everything is normal
Tue, 05 Dec 2017 20:26:10 Everything is normal
Tue, 05 Dec 2017 20:26:10 Everything is normal
Tue, 05 Dec 2017 20:26:13 Everything is normal
Tue, 05 Dec 2017 20:26:14 Everything is normal
DNS decompression loop detected
DNS decompression loop detected
more DNS decompression loop detected
Tue, 05 Dec 2017 20:26:17 Everything is normal
Tue, 05 Dec 2017 20:26:17 Everything is normal
Tue, 05 Dec 2017 20:26:20 Everything is normal
Tue, 05 Dec 2017 20:26:21 Everything is normal
DNS RR prematured end (ofs=74, len=26)
DNS RR prematured end (ofs=79, len=28)
more DNS RR prematured end (ofs=22, len=15)
DNS decompression loop detected
DNS decompression loop detected
more DNS decompression loop detected
Tue, 05 Dec 2017 20:26:24 Everything is normal
Tue, 05 Dec 2017 20:26:24 Everything is normal
Tue, 05 Dec 2017 20:26:27 Everything is normal
Tue, 05 Dec 2017 20:26:28 Everything is normal
Tue, 05 Dec 2017 20:26:31 Everything is normal
Tue, 05 Dec 2017 20:26:31 Everything is normal
DNS RR prematured end (ofs=22, len=16)
DNS RR prematured end (ofs=79, len=28)
more DNS RR prematured end (ofs=74, len=26)
DNS decompression loop detected
DNS decompression loop detected
more DNS decompression loop detected
Tue, 05 Dec 2017 20:26:34 Everything is normal
Tue, 05 Dec 2017 20:26:35 Everything is normal
Tue, 05 Dec 2017 20:26:38 Everything is normal
Tue, 05 Dec 2017 20:26:38 Everything is normal
DNS RR prematured end (ofs=54, len=2)
DNS RR prematured end (ofs=136, len=7)
more DNS RR prematured end (ofs=21, len=2)
DNS decompression loop detected
DNS decompression loop detected
more DNS decompression loop detected
Tue, 05 Dec 2017 20:26:41 Everything is normal
Tue, 05 Dec 2017 20:26:42 Everything is normal
Tue, 05 Dec 2017 20:26:45 Everything is normal
Tue, 05 Dec 2017 20:26:45 Everything is normal
Tue, 05 Dec 2017 20:26:48 Everything is normal
Tue, 05 Dec 2017 20:26:49 Everything is normal
Tue, 05 Dec 2017 20:26:52 Everything is normal
Tue, 05 Dec 2017 20:26:52 Everything is normal
Tue, 05 Dec 2017 20:26:55 Everything is normal
Tue, 05 Dec 2017 20:26:56 Everything is normal
Tue, 05 Dec 2017 20:26:59 Everything is normal
Tue, 05 Dec 2017 20:26:59 Everything is normal
Tue, 05 Dec 2017 20:27:02 Everything is normal
Tue, 05 Dec 2017 20:27:03 Everything is normal
Tue, 05 Dec 2017 20:27:06 Everything is normal
Tue, 05 Dec 2017 20:27:06 Everything is normal
Tue, 05 Dec 2017 20:27:09 Everything is normal
Tue, 05 Dec 2017 20:27:10 Everything is normal
Tue, 05 Dec 2017 20:27:13 Everything is normal
Tue, 05 Dec 2017 20:27:13 Everything is normal
Tue, 05 Dec 2017 20:27:16 Everything is normal
Tue, 05 Dec 2017 20:27:17 Everything is normal
Tue, 05 Dec 2017 20:27:20 Everything is normal
Tue, 05 Dec 2017 20:27:20 Everything is normal
Tue, 05 Dec 2017 20:27:23 Everything is normal
Tue, 05 Dec 2017 20:27:24 Everything is normal
Tue, 05 Dec 2017 20:27:27 Everything is normal
Tue, 05 Dec 2017 20:27:27 Everything is normal
Tue, 05 Dec 2017 20:27:30 Everything is normal
Tue, 05 Dec 2017 20:27:31 Everything is normal
Tue, 05 Dec 2017 20:27:34 Everything is normal
Tue, 05 Dec 2017 20:27:34 Everything is normal
Tue, 05 Dec 2017 20:27:37 Everything is normal
Tue, 05 Dec 2017 20:27:38 Everything is normal
Tue, 05 Dec 2017 20:27:41 Everything is normal
Tue, 05 Dec 2017 20:27:41 Everything is normal
Tue, 05 Dec 2017 20:27:44 Everything is normal
Tue, 05 Dec 2017 20:27:45 Everything is normal
Tue, 05 Dec 2017 20:27:48 Everything is normal
Tue, 05 Dec 2017 20:27:48 Everything is normal
Tue, 05 Dec 2017 20:27:51 Everything is normal
Tue, 05 Dec 2017 20:27:52 Everything is normal
Tue, 05 Dec 2017 20:27:55 Everything is normal
Tue, 05 Dec 2017 20:27:55 Everything is normal
Tue, 05 Dec 2017 20:27:58 Everything is normal
Tue, 05 Dec 2017 20:27:59 Everything is normal
Tue, 05 Dec 2017 20:28:02 Everything is normal
Tue, 05 Dec 2017 20:28:02 Everything is normal
DNS RR prematured end (ofs=54, len=2)
DNS RR prematured end (ofs=136, len=7)
more DNS RR prematured end (ofs=21, len=2)
DNS decompression loop detected
Tue, 05 Dec 2017 20:28:05 Everything is normal
Tue, 05 Dec 2017 20:28:06 Everything is normal
DNS decompression loop detected
more DNS decompression loop detected
Tue, 05 Dec 2017 20:28:09 Everything is normal
DNS RR prematured end (ofs=92, len=35)
DNS RR prematured end (ofs=61, len=7)
more DNS RR prematured end (ofs=50, len=10)
DNS decompression loop detected
DNS decompression loop detected
more DNS decompression loop detected
Tue, 05 Dec 2017 20:28:09 Everything is normal
Tue, 05 Dec 2017 20:28:12 Everything is normal
Tue, 05 Dec 2017 20:28:13 Everything is normal
Tue, 05 Dec 2017 20:28:16 Everything is normal
Tue, 05 Dec 2017 20:28:16 Everything is normal
Tue, 05 Dec 2017 20:28:19 Everything is normal
Tue, 05 Dec 2017 20:28:20 Everything is normal
Tue, 05 Dec 2017 20:28:23 Everything is normal
Tue, 05 Dec 2017 20:28:23 Everything is normal
Tue, 05 Dec 2017 20:28:26 Everything is normal
Tue, 05 Dec 2017 20:28:27 Everything is normal
Tue, 05 Dec 2017 20:28:30 Everything is normal
Tue, 05 Dec 2017 20:28:30 Everything is normal
Tue, 05 Dec 2017 20:28:33 Everything is normal
Tue, 05 Dec 2017 20:28:34 Everything is normal
Tue, 05 Dec 2017 20:28:37 Everything is normal
Tue, 05 Dec 2017 20:28:37 Everything is normal
Tue, 05 Dec 2017 20:28:40 Everything is normal
Tue, 05 Dec 2017 20:28:41 Everything is normal
Tue, 05 Dec 2017 20:28:44 Everything is normal
Tue, 05 Dec 2017 20:28:44 Everything is normal
Tue, 05 Dec 2017 20:28:47 Everything is normal
Tue, 05 Dec 2017 20:28:48 Everything is normal
Tue, 05 Dec 2017 20:28:51 Everything is normal
Tue, 05 Dec 2017 20:28:51 Everything is normal
Tue, 05 Dec 2017 20:28:54 Everything is normal
Tue, 05 Dec 2017 20:28:55 Everything is normal
Tue, 05 Dec 2017 20:28:58 Everything is normal
Tue, 05 Dec 2017 20:28:58 Everything is normal
Tue, 05 Dec 2017 20:29:01 Everything is normal
Tue, 05 Dec 2017 20:29:02 Everything is normal
Tue, 05 Dec 2017 20:29:05 Everything is normal
Tue, 05 Dec 2017 20:29:05 Everything is normal
Tue, 05 Dec 2017 20:29:08 Everything is normal
Tue, 05 Dec 2017 20:29:09 Everything is normal
Tue, 05 Dec 2017 20:29:12 Everything is normal
Tue, 05 Dec 2017 20:29:12 Everything is normal
Tue, 05 Dec 2017 20:29:15 Everything is normal
Tue, 05 Dec 2017 20:29:16 Everything is normal
Tue, 05 Dec 2017 20:29:19 Everything is normal
Tue, 05 Dec 2017 20:29:19 Everything is normal
Tue, 05 Dec 2017 20:29:22 Everything is normal
Tue, 05 Dec 2017 20:29:23 Everything is normal
Tue, 05 Dec 2017 20:29:26 Everything is normal
Tue, 05 Dec 2017 20:29:26 Everything is normal
Tue, 05 Dec 2017 20:29:29 Everything is normal
Tue, 05 Dec 2017 20:29:30 Everything is normal
DNS RR prematured end (ofs=101, len=2)
DNS RR prematured end (ofs=82, len=2)
DNS decompression loop detected
more DNS RR prematured end (ofs=341, len=2)
DNS decompression loop detected
more DNS decompression loop detected
Tue, 05 Dec 2017 20:29:33 Everything is normal
Tue, 05 Dec 2017 20:29:33 Everything is normal
Tue, 05 Dec 2017 20:29:36 Everything is normal
Tue, 05 Dec 2017 20:29:37 Everything is normal
Tue, 05 Dec 2017 20:29:40 Everything is normal
Tue, 05 Dec 2017 20:29:40 Everything is normal
Tue, 05 Dec 2017 20:29:43 Everything is normal
Tue, 05 Dec 2017 20:29:44 Everything is normal
Tue, 05 Dec 2017 20:29:47 Everything is normal
Tue, 05 Dec 2017 20:29:47 Everything is normal
Tue, 05 Dec 2017 20:29:50 Everything is normal
Tue, 05 Dec 2017 20:29:51 Everything is normal
Tue, 05 Dec 2017 20:29:54 Everything is normal
Tue, 05 Dec 2017 20:29:54 Everything is normal
Tue, 05 Dec 2017 20:29:57 Everything is normal
Tue, 05 Dec 2017 20:29:58 Everything is normal
Tue, 05 Dec 2017 20:30:01 Everything is normal
Tue, 05 Dec 2017 20:30:01 Everything is normal
Tue, 05 Dec 2017 20:30:04 Everything is normal
Tue, 05 Dec 2017 20:30:05 Everything is normal
Tue, 05 Dec 2017 20:30:08 Everything is normal
Tue, 05 Dec 2017 20:30:08 Everything is normal
DNS RR prematured end (ofs=21, len=16)
DNS RR prematured end (ofs=72, len=26)
more DNS RR prematured end (ofs=76, len=28)
DNS decompression loop detected
DNS decompression loop detected
more DNS decompression loop detected
Tue, 05 Dec 2017 20:30:11 Everything is normal
Tue, 05 Dec 2017 20:30:12 Everything is normal
Tue, 05 Dec 2017 20:30:15 Everything is normal
Tue, 05 Dec 2017 20:30:15 Everything is normal
Tue, 05 Dec 2017 20:30:18 Everything is normal
Tue, 05 Dec 2017 20:30:19 Everything is normal
Tue, 05 Dec 2017 20:30:22 Everything is normal
Tue, 05 Dec 2017 20:30:22 Everything is normal
Tue, 05 Dec 2017 20:30:25 Everything is normal
Tue, 05 Dec 2017 20:30:26 Everything is normal
Tue, 05 Dec 2017 20:30:29 Everything is normal
Tue, 05 Dec 2017 20:30:29 Everything is normal
Tue, 05 Dec 2017 20:30:32 Everything is normal
Tue, 05 Dec 2017 20:30:33 Everything is normal
Tue, 05 Dec 2017 20:30:36 Everything is normal
Tue, 05 Dec 2017 20:30:36 Everything is normal
Tue, 05 Dec 2017 20:30:39 Everything is normal
Tue, 05 Dec 2017 20:30:40 Everything is normal
Tue, 05 Dec 2017 20:30:43 Everything is normal
Tue, 05 Dec 2017 20:30:43 Everything is normal
Tue, 05 Dec 2017 20:30:46 Everything is normal
Tue, 05 Dec 2017 20:30:47 Everything is normal
Tue, 05 Dec 2017 20:30:50 Everything is normal
Tue, 05 Dec 2017 20:30:50 Everything is normal
Tue, 05 Dec 2017 20:30:53 Everything is normal
Tue, 05 Dec 2017 20:30:54 Everything is normal
Tue, 05 Dec 2017 20:30:57 Everything is normal
Tue, 05 Dec 2017 20:30:57 Everything is normal
Tue, 05 Dec 2017 20:31:00 Everything is normal
Tue, 05 Dec 2017 20:31:01 Everything is normal
Tue, 05 Dec 2017 20:31:04 Everything is normal
Tue, 05 Dec 2017 20:31:04 Everything is normal
Tue, 05 Dec 2017 20:31:07 Everything is normal
Tue, 05 Dec 2017 20:31:08 Everything is normal
Tue, 05 Dec 2017 20:31:11 Everything is normal
Tue, 05 Dec 2017 20:31:11 Everything is normal
Tue, 05 Dec 2017 20:31:14 Everything is normal
Tue, 05 Dec 2017 20:31:15 Everything is normal
Tue, 05 Dec 2017 20:31:18 Everything is normal
Tue, 05 Dec 2017 20:31:18 Everything is normal
Tue, 05 Dec 2017 20:31:21 Everything is normal
Tue, 05 Dec 2017 20:31:22 Everything is normal
Tue, 05 Dec 2017 20:31:25 Everything is normal
Tue, 05 Dec 2017 20:31:25 Everything is normal
Tue, 05 Dec 2017 20:31:28 Everything is normal
Tue, 05 Dec 2017 20:31:29 Everything is normal
Tue, 05 Dec 2017 20:31:32 Everything is normal
Tue, 05 Dec 2017 20:31:32 Everything is normal
Tue, 05 Dec 2017 20:31:36 Everything is normal
Tue, 05 Dec 2017 20:31:36 Everything is normal
Tue, 05 Dec 2017 20:31:39 Everything is normal
Tue, 05 Dec 2017 20:31:39 Everything is normal
Tue, 05 Dec 2017 20:31:43 Everything is normal
Tue, 05 Dec 2017 20:31:43 Everything is normal
Tue, 05 Dec 2017 20:31:46 Everything is normal
Tue, 05 Dec 2017 20:31:46 Everything is normal
Tue, 05 Dec 2017 20:31:50 Everything is normal
Tue, 05 Dec 2017 20:31:50 Everything is normal
Tue, 05 Dec 2017 20:31:53 Everything is normal
Tue, 05 Dec 2017 20:31:53 Everything is normal
Tue, 05 Dec 2017 20:31:57 Everything is normal
Tue, 05 Dec 2017 20:31:57 Everything is normal
Tue, 05 Dec 2017 20:32:00 Everything is normal
Tue, 05 Dec 2017 20:32:00 Everything is normal
Tue, 05 Dec 2017 20:32:04 Everything is normal
Tue, 05 Dec 2017 20:32:04 Everything is normal
Tue, 05 Dec 2017 20:32:07 Everything is normal
Tue, 05 Dec 2017 20:32:11 Everything is normal
Tue, 05 Dec 2017 20:32:14 Everything is normal
Tue, 05 Dec 2017 20:32:18 Everything is normal
Tue, 05 Dec 2017 20:32:21 Everything is normal
Tue, 05 Dec 2017 20:32:25 Everything is normal
Tue, 05 Dec 2017 20:32:28 Everything is normal
Tue, 05 Dec 2017 20:32:32 Everything is normal
Tue, 05 Dec 2017 20:32:35 Everything is normal
Tue, 05 Dec 2017 20:32:39 Everything is normal
Tue, 05 Dec 2017 20:32:42 Everything is normal
Tue, 05 Dec 2017 20:32:46 Everything is normal
Tue, 05 Dec 2017 20:32:49 Everything is normal
Tue, 05 Dec 2017 20:32:53 Everything is normal
Tue, 05 Dec 2017 20:32:56 Everything is normal
Tue, 05 Dec 2017 20:33:00 Everything is normal
Tue, 05 Dec 2017 20:33:03 Everything is normal
Tue, 05 Dec 2017 20:33:07 Everything is normal
Tue, 05 Dec 2017 20:33:10 Everything is normal
Tue, 05 Dec 2017 20:33:14 Everything is normal
Tue, 05 Dec 2017 20:33:17 Everything is normal
Tue, 05 Dec 2017 20:33:21 Everything is normal
Tue, 05 Dec 2017 20:33:24 Everything is normal
Tue, 05 Dec 2017 20:33:28 Everything is normal
Tue, 05 Dec 2017 20:33:31 Everything is normal
Tue, 05 Dec 2017 20:33:35 Everything is normal
Tue, 05 Dec 2017 20:33:38 Everything is normal
Tue, 05 Dec 2017 20:33:42 Everything is normal
Tue, 05 Dec 2017 20:33:45 Everything is normal
Tue, 05 Dec 2017 20:33:49 Everything is normal
Tue, 05 Dec 2017 20:33:52 Everything is normal
Tue, 05 Dec 2017 20:33:56 Everything is normal
Tue, 05 Dec 2017 20:33:59 Everything is normal
Tue, 05 Dec 2017 20:34:03 Everything is normal
Tue, 05 Dec 2017 20:34:06 Everything is normal
Tue, 05 Dec 2017 20:34:10 Everything is normal
Tue, 05 Dec 2017 20:34:13 Everything is normal
Tue, 05 Dec 2017 20:34:17 Everything is normal
Tue, 05 Dec 2017 20:34:20 Everything is normal
Tue, 05 Dec 2017 20:34:24 Everything is normal
Tue, 05 Dec 2017 20:34:27 Everything is normal
Tue, 05 Dec 2017 20:34:31 Everything is normal
Tue, 05 Dec 2017 20:34:34 Everything is normal
Tue, 05 Dec 2017 20:34:38 Everything is normal
Tue, 05 Dec 2017 20:34:41 Everything is normal
Tue, 05 Dec 2017 20:34:45 Everything is normal
Tue, 05 Dec 2017 20:34:48 Everything is normal
Tue, 05 Dec 2017 20:34:52 Everything is normal
Tue, 05 Dec 2017 20:34:55 Everything is normal
Tue, 05 Dec 2017 20:34:59 Everything is normal
Tue, 05 Dec 2017 20:35:02 Everything is normal
Tue, 05 Dec 2017 20:35:06 Everything is normal
Tue, 05 Dec 2017 20:35:09 Everything is normal
Tue, 05 Dec 2017 20:35:13 Everything is normal
Tue, 05 Dec 2017 20:35:16 Everything is normal
Tue, 05 Dec 2017 20:35:20 Everything is normal
Tue, 05 Dec 2017 20:35:23 Everything is normal
Tue, 05 Dec 2017 20:35:27 Everything is normal
Tue, 05 Dec 2017 20:35:30 Everything is normal
Tue, 05 Dec 2017 20:35:34 Everything is normal
Tue, 05 Dec 2017 20:35:37 Everything is normal
Tue, 05 Dec 2017 20:35:41 Everything is normal
Tue, 05 Dec 2017 20:35:44 Everything is normal
Tue, 05 Dec 2017 20:35:48 Everything is normal
Tue, 05 Dec 2017 20:35:51 Everything is normal
Tue, 05 Dec 2017 20:35:55 Everything is normal
Tue, 05 Dec 2017 20:35:58 Everything is normal
Tue, 05 Dec 2017 20:36:02 Everything is normal
Tue, 05 Dec 2017 20:36:05 Everything is normal
Tue, 05 Dec 2017 20:36:09 Everything is normal
Tue, 05 Dec 2017 20:36:12 Everything is normal
Tue, 05 Dec 2017 20:36:16 Everything is normal
Tue, 05 Dec 2017 20:36:19 Everything is normal
Tue, 05 Dec 2017 20:36:23 Everything is normal
Tue, 05 Dec 2017 20:36:26 Everything is normal
Tue, 05 Dec 2017 20:36:30 Everything is normal
Tue, 05 Dec 2017 20:36:33 Everything is normal
Tue, 05 Dec 2017 20:36:37 Everything is normal
Tue, 05 Dec 2017 20:36:40 Everything is normal
Tue, 05 Dec 2017 20:36:44 Everything is normal
Tue, 05 Dec 2017 20:36:47 Everything is normal
Tue, 05 Dec 2017 20:36:51 Everything is normal
Tue, 05 Dec 2017 20:36:54 Everything is normal
Tue, 05 Dec 2017 20:36:58 Everything is normal
Tue, 05 Dec 2017 20:37:01 Everything is normal
Tue, 05 Dec 2017 20:37:05 Everything is normal
Tue, 05 Dec 2017 20:37:08 Everything is normal
Tue, 05 Dec 2017 20:37:12 Everything is normal
Tue, 05 Dec 2017 20:37:15 Everything is normal
Tue, 05 Dec 2017 20:37:19 Everything is normal
Tue, 05 Dec 2017 20:37:22 Everything is normal
Tue, 05 Dec 2017 20:37:26 Everything is normal
Tue, 05 Dec 2017 20:37:29 Everything is normal
Tue, 05 Dec 2017 20:37:33 Everything is normal
Tue, 05 Dec 2017 20:37:36 Everything is normal
Tue, 05 Dec 2017 20:37:40 Everything is normal
Tue, 05 Dec 2017 20:37:43 Everything is normal
Tue, 05 Dec 2017 20:37:47 Everything is normal
Tue, 05 Dec 2017 20:37:50 Everything is normal
Tue, 05 Dec 2017 20:37:54 Everything is normal
Tue, 05 Dec 2017 20:37:57 Everything is normal
Tue, 05 Dec 2017 20:38:01 Everything is normal
Tue, 05 Dec 2017 20:38:04 Everything is normal
Tue, 05 Dec 2017 20:38:08 Everything is normal
Tue, 05 Dec 2017 20:38:11 Everything is normal
Tue, 05 Dec 2017 20:38:15 Everything is normal
Tue, 05 Dec 2017 20:38:18 Everything is normal
Tue, 05 Dec 2017 20:40:23 Everything is normal
Tue, 05 Dec 2017 20:40:26 Everything is normal
Tue, 05 Dec 2017 20:40:30 Everything is normal
Tue, 05 Dec 2017 20:40:33 Everything is normal
Tue, 05 Dec 2017 20:40:37 Everything is normal
Tue, 05 Dec 2017 20:40:40 Everything is normal
Tue, 05 Dec 2017 20:40:44 Everything is normal
Tue, 05 Dec 2017 20:40:47 Everything is normal
DNS RR prematured end (ofs=21, len=16)
DNS RR prematured end (ofs=72, len=26)
more DNS RR prematured end (ofs=76, len=28)
DNS decompression loop detected
DNS decompression loop detected
more DNS decompression loop detected
Tue, 05 Dec 2017 20:40:51 Everything is normal
Tue, 05 Dec 2017 20:40:54 Everything is normal
Tue, 05 Dec 2017 20:40:58 Everything is normal
Tue, 05 Dec 2017 20:41:01 Everything is normal
Tue, 05 Dec 2017 20:41:05 Everything is normal
Tue, 05 Dec 2017 20:41:08 Everything is normal
Tue, 05 Dec 2017 20:41:12 Everything is normal
Tue, 05 Dec 2017 20:41:15 Everything is normal
Tue, 05 Dec 2017 20:41:19 Everything is normal
Tue, 05 Dec 2017 20:41:22 Everything is normal
DNS RR prematured end (ofs=22, len=16)
DNS decompression loop detected
DNS RR prematured end (ofs=22, len=16)
more DNS RR prematured end (ofs=72, len=27)
DNS decompression loop detected
more DNS decompression loop detected
Tue, 05 Dec 2017 20:41:26 Everything is normal
DNS RR prematured end (ofs=21, len=16)
DNS RR prematured end (ofs=72, len=26)
more DNS RR prematured end (ofs=76, len=28)
DNS decompression loop detected
DNS decompression loop detected
more DNS decompression loop detected
Tue, 05 Dec 2017 20:41:29 Everything is normal
Tue, 05 Dec 2017 20:41:33 Everything is normal
Tue, 05 Dec 2017 20:41:36 Everything is normal
Tue, 05 Dec 2017 20:41:40 Everything is normal
Tue, 05 Dec 2017 20:41:43 Everything is normal
Tue, 05 Dec 2017 20:41:47 SYN attack detected! IP: 131.202.242.43 No. of attempts: 3290
Tue, 05 Dec 2017 20:41:50 SYN attack detected! IP: 131.202.242.43 No. of attempts: 8016
Tue, 05 Dec 2017 20:41:54 SYN attack detected! IP: 131.202.242.43 No. of attempts: 7846
Tue, 05 Dec 2017 20:41:57 SYN attack detected! IP: 131.202.242.43 No. of attempts: 7856
Tue, 05 Dec 2017 20:42:01 SYN attack detected! IP: 131.202.242.43 No. of attempts: 7301
Tue, 05 Dec 2017 20:42:04 SYN attack detected! IP: 131.202.242.43 No. of attempts: 7556
Tue, 05 Dec 2017 20:42:08 SYN attack detected! IP: 131.202.242.43 No. of attempts: 6612
Tue, 05 Dec 2017 20:42:11 SYN attack detected! IP: 131.202.242.43 No. of attempts: 7355
Tue, 05 Dec 2017 20:42:15 SYN attack detected! IP: 131.202.242.43 No. of attempts: 7318
Tue, 05 Dec 2017 20:42:18 SYN attack detected! IP: 131.202.242.43 No. of attempts: 7251
Tue, 05 Dec 2017 20:42:22 SYN attack detected! IP: 131.202.242.43 No. of attempts: 7048
Tue, 05 Dec 2017 20:42:25 SYN attack detected! IP: 131.202.242.43 No. of attempts: 7007
Tue, 05 Dec 2017 20:42:29 SYN attack detected! IP: 131.202.242.43 No. of attempts: 7394
Tue, 05 Dec 2017 20:42:32 SYN attack detected! IP: 131.202.242.43 No. of attempts: 6735
Tue, 05 Dec 2017 20:42:36 SYN attack detected! IP: 131.202.242.43 No. of attempts: 6996
Tue, 05 Dec 2017 20:42:39 SYN attack detected! IP: 131.202.242.43 No. of attempts: 6501
Tue, 05 Dec 2017 20:42:43 SYN attack detected! IP: 131.202.242.43 No. of attempts: 1497
Tue, 05 Dec 2017 20:42:46 Everything is normal
Tue, 05 Dec 2017 20:42:50 Everything is normal
Tue, 05 Dec 2017 20:42:53 Everything is normal
Tue, 05 Dec 2017 20:42:57 Everything is normal
Tue, 05 Dec 2017 20:43:00 Everything is normal
Tue, 05 Dec 2017 20:43:04 Everything is normal
Tue, 05 Dec 2017 20:43:07 Everything is normal
Tue, 05 Dec 2017 20:43:11 Everything is normal
Tue, 05 Dec 2017 20:43:14 Everything is normal
Tue, 05 Dec 2017 20:43:18 Everything is normal
Tue, 05 Dec 2017 20:43:21 Everything is normal
Tue, 05 Dec 2017 20:43:25 Everything is normal
Tue, 05 Dec 2017 20:43:28 Everything is normal
DNS RR prematured end (ofs=22, len=16)
DNS decompression loop detected
Tue, 05 Dec 2017 20:43:32 Everything is normal
DNS RR prematured end (ofs=22, len=16)
more DNS RR prematured end (ofs=72, len=27)
DNS decompression loop detected
more DNS decompression loop detected
Tue, 05 Dec 2017 20:43:35 Everything is normal
Tue, 05 Dec 2017 20:43:39 Everything is normal
Tue, 05 Dec 2017 20:43:42 Everything is normal
Tue, 05 Dec 2017 20:43:46 Everything is normal
Tue, 05 Dec 2017 20:43:49 Everything is normal
Tue, 05 Dec 2017 20:43:53 Everything is normal
DNS RR prematured end (ofs=22, len=15)
DNS RR prematured end (ofs=72, len=27)
more DNS RR prematured end (ofs=22, len=16)
DNS decompression loop detected
DNS decompression loop detected
more DNS decompression loop detected
Tue, 05 Dec 2017 20:43:56 Everything is normal
Tue, 05 Dec 2017 20:44:00 Everything is normal
DNS RR prematured end (ofs=21, len=16)
DNS RR prematured end (ofs=72, len=26)
more DNS RR prematured end (ofs=76, len=28)
DNS decompression loop detected
DNS decompression loop detected
more DNS decompression loop detected
Tue, 05 Dec 2017 20:44:03 Everything is normal
Tue, 05 Dec 2017 20:44:07 Everything is normal
Tue, 05 Dec 2017 20:44:10 Everything is normal
Tue, 05 Dec 2017 20:44:14 Everything is normal
Tue, 05 Dec 2017 20:44:17 Everything is normal
Tue, 05 Dec 2017 20:44:21 Everything is normal
Tue, 05 Dec 2017 20:44:24 Everything is normal
Tue, 05 Dec 2017 20:44:28 SYN attack detected! IP: 131.202.242.43 No. of attempts: 33
DNS RR prematured end (ofs=274, len=26)
DNS RR prematured end (ofs=274, len=28)
more DNS RR prematured end (ofs=274, len=16)
DNS decompression loop detected
DNS decompression loop detected
more DNS decompression loop detected
Tue, 05 Dec 2017 20:44:31 Everything is normal
Tue, 05 Dec 2017 20:44:35 Everything is normal
Tue, 05 Dec 2017 20:44:38 Everything is normal
Tue, 05 Dec 2017 20:44:42 Everything is normal
Tue, 05 Dec 2017 20:44:45 Everything is normal
Tue, 05 Dec 2017 20:44:49 Everything is normal
Tue, 05 Dec 2017 20:44:52 Everything is normal
Tue, 05 Dec 2017 20:44:56 Everything is normal
Tue, 05 Dec 2017 20:44:59 Everything is normal
Tue, 05 Dec 2017 20:45:03 Everything is normal
Tue, 05 Dec 2017 20:45:06 Everything is normal
Tue, 05 Dec 2017 20:45:10 Everything is normal
Tue, 05 Dec 2017 20:45:13 Everything is normal
Tue, 05 Dec 2017 20:45:17 Everything is normal
Tue, 05 Dec 2017 20:45:20 Everything is normal
Tue, 05 Dec 2017 20:45:24 Everything is normal
Tue, 05 Dec 2017 20:45:27 Everything is normal
Tue, 05 Dec 2017 20:45:31 Everything is normal
Tue, 05 Dec 2017 20:45:34 Everything is normal
DNS RR prematured end (ofs=22, len=15)
DNS RR prematured end (ofs=72, len=27)
more DNS RR prematured end (ofs=22, len=16)
DNS decompression loop detected
DNS decompression loop detected
more DNS decompression loop detected
Tue, 05 Dec 2017 20:45:38 Everything is normal
Tue, 05 Dec 2017 20:45:41 Everything is normal
Tue, 05 Dec 2017 20:45:45 Everything is normal
Tue, 05 Dec 2017 20:45:48 Everything is normal
Tue, 05 Dec 2017 20:45:52 Everything is normal
Tue, 05 Dec 2017 20:45:55 Everything is normal
Tue, 05 Dec 2017 20:45:59 Everything is normal
Tue, 05 Dec 2017 20:46:02 Everything is normal
Tue, 05 Dec 2017 20:46:07 Everything is normal
Tue, 05 Dec 2017 20:46:10 Everything is normal
